14:32:23,028 - [MAIN] - INFO  - Bussiness.GameProperties - Refreshing game properties!
14:32:33,231 - [MAIN] - ERROR - Bussiness.BaseBussiness - GetServerConfig
System.NullReferenceException: Object reference not set to an instance of an object.
   at Bussiness.ServiceBussiness.GetServerPropertyByKey(String key) in C:\GunnyKyUcNewSource\GunnyKyUcNewSource\gameSrc\Bussiness\Bussiness\ServiceBussiness.cs:line 314
14:32:33,247 - [MAIN] - ERROR - Bussiness.GameProperties - Cannot find server property AssState,keep it default value!
14:32:33,263 - [MAIN] - ERROR - Bussiness.BaseBussiness - GetServerConfig
System.NullReferenceException: Object reference not set to an instance of an object.
   at Bussiness.ServiceBussiness.GetServerPropertyByKey(String key) in C:\GunnyKyUcNewSource\GunnyKyUcNewSource\gameSrc\Bussiness\Bussiness\ServiceBussiness.cs:line 314
14:32:33,263 - [MAIN] - ERROR - Bussiness.GameProperties - Cannot find server property BagMailEnable,keep it default value!
14:32:33,263 - [MAIN] - ERROR - Bussiness.BaseBussiness - GetServerConfig
System.NullReferenceException: Object reference not set to an instance of an object.
   at Bussiness.ServiceBussiness.GetServerPropertyByKey(String key) in C:\GunnyKyUcNewSource\GunnyKyUcNewSource\gameSrc\Bussiness\Bussiness\ServiceBussiness.cs:line 314
14:32:33,263 - [MAIN] - ERROR - Bussiness.GameProperties - Cannot find server property BeginAuction,keep it default value!
14:32:33,263 - [MAIN] - ERROR - Bussiness.BaseBussiness - GetServerConfig
System.NullReferenceException: Object reference not set to an instance of an object.
   at Bussiness.ServiceBussiness.GetServerPropertyByKey(String key) in C:\GunnyKyUcNewSource\GunnyKyUcNewSource\gameSrc\Bussiness\Bussiness\ServiceBussiness.cs:line 314
14:32:33,263 - [MAIN] - ERROR - Bussiness.GameProperties - Cannot find server property BigDicePrice,keep it default value!
14:32:33,263 - [MAIN] - ERROR - Bussiness.BaseBussiness - GetServerConfig
System.NullReferenceException: Object reference not set to an instance of an object.
   at Bussiness.ServiceBussiness.GetServerPropertyByKey(String key) in C:\GunnyKyUcNewSource\GunnyKyUcNewSource\gameSrc\Bussiness\Bussiness\ServiceBussiness.cs:line 314
14:32:33,263 - [MAIN] - ERROR - Bussiness.GameProperties - Cannot find server property BigExp,keep it default value!
14:32:33,263 - [MAIN] - ERROR - Bussiness.BaseBussiness - GetServerConfig
System.NullReferenceException: Object reference not set to an instance of an object.
   at Bussiness.ServiceBussiness.GetServerPropertyByKey(String key) in C:\GunnyKyUcNewSource\GunnyKyUcNewSource\gameSrc\Bussiness\Bussiness\ServiceBussiness.cs:line 314
14:32:33,263 - [MAIN] - ERROR - Bussiness.GameProperties - Cannot find server property BoguAdventurePrice,keep it default value!
14:32:33,263 - [MAIN] - ERROR - Bussiness.BaseBussiness - GetServerConfig
System.NullReferenceException: Object reference not set to an instance of an object.
   at Bussiness.ServiceBussiness.GetServerPropertyByKey(String key) in C:\GunnyKyUcNewSource\GunnyKyUcNewSource\gameSrc\Bussiness\Bussiness\ServiceBussiness.cs:line 314
14:32:33,278 - [MAIN] - ERROR - Bussiness.GameProperties - Cannot find server property BoxAppearCondition,keep it default value!
14:32:33,278 - [MAIN] - ERROR - Bussiness.BaseBussiness - GetServerConfig
System.NullReferenceException: Object reference not set to an instance of an object.
   at Bussiness.ServiceBussiness.GetServerPropertyByKey(String key) in C:\GunnyKyUcNewSource\GunnyKyUcNewSource\gameSrc\Bussiness\Bussiness\ServiceBussiness.cs:line 314
14:32:33,278 - [MAIN] - ERROR - Bussiness.GameProperties - Cannot find server property Cess,keep it default value!
14:32:33,278 - [MAIN] - ERROR - Bussiness.BaseBussiness - GetServerConfig
System.NullReferenceException: Object reference not set to an instance of an object.
   at Bussiness.ServiceBussiness.GetServerPropertyByKey(String key) in C:\GunnyKyUcNewSource\GunnyKyUcNewSource\gameSrc\Bussiness\Bussiness\ServiceBussiness.cs:line 314
14:32:33,294 - [MAIN] - ERROR - Bussiness.GameProperties - Cannot find server property TiLeDatGold,keep it default value!
14:32:33,294 - [MAIN] - ERROR - Bussiness.BaseBussiness - GetServerConfig
System.NullReferenceException: Object reference not set to an instance of an object.
   at Bussiness.ServiceBussiness.GetServerPropertyByKey(String key) in C:\GunnyKyUcNewSource\GunnyKyUcNewSource\gameSrc\Bussiness\Bussiness\ServiceBussiness.cs:line 314
14:32:33,294 - [MAIN] - ERROR - Bussiness.GameProperties - Cannot find server property CommonDicePrice,keep it default value!
14:32:33,294 - [MAIN] - ERROR - Bussiness.BaseBussiness - GetServerConfig
System.NullReferenceException: Object reference not set to an instance of an object.
   at Bussiness.ServiceBussiness.GetServerPropertyByKey(String key) in C:\GunnyKyUcNewSource\GunnyKyUcNewSource\gameSrc\Bussiness\Bussiness\ServiceBussiness.cs:line 314
14:32:33,294 - [MAIN] - ERROR - Bussiness.GameProperties - Cannot find server property ConsortiaStrengthenEx,keep it default value!
14:32:33,294 - [MAIN] - ERROR - Bussiness.BaseBussiness - GetServerConfig
System.NullReferenceException: Object reference not set to an instance of an object.
   at Bussiness.ServiceBussiness.GetServerPropertyByKey(String key) in C:\GunnyKyUcNewSource\GunnyKyUcNewSource\gameSrc\Bussiness\Bussiness\ServiceBussiness.cs:line 314
14:32:33,294 - [MAIN] - ERROR - Bussiness.GameProperties - Cannot find server property CustomLimit,keep it default value!
14:32:33,294 - [MAIN] - ERROR - Bussiness.BaseBussiness - GetServerConfig
System.NullReferenceException: Object reference not set to an instance of an object.
   at Bussiness.ServiceBussiness.GetServerPropertyByKey(String key) in C:\GunnyKyUcNewSource\GunnyKyUcNewSource\gameSrc\Bussiness\Bussiness\ServiceBussiness.cs:line 314
14:32:33,294 - [MAIN] - ERROR - Bussiness.GameProperties - Cannot find server property CheckCount,keep it default value!
14:32:33,294 - [MAIN] - ERROR - Bussiness.BaseBussiness - GetServerConfig
System.NullReferenceException: Object reference not set to an instance of an object.
   at Bussiness.ServiceBussiness.GetServerPropertyByKey(String key) in C:\GunnyKyUcNewSource\GunnyKyUcNewSource\gameSrc\Bussiness\Bussiness\ServiceBussiness.cs:line 314
14:32:33,294 - [MAIN] - ERROR - Bussiness.GameProperties - Cannot find server property CheckRewardItem,keep it default value!
14:32:33,294 - [MAIN] - ERROR - Bussiness.BaseBussiness - GetServerConfig
System.NullReferenceException: Object reference not set to an instance of an object.
   at Bussiness.ServiceBussiness.GetServerPropertyByKey(String key) in C:\GunnyKyUcNewSource\GunnyKyUcNewSource\gameSrc\Bussiness\Bussiness\ServiceBussiness.cs:line 314
14:32:33,309 - [MAIN] - ERROR - Bussiness.GameProperties - Cannot find server property ChristmasBeginDate,keep it default value!
14:32:33,309 - [MAIN] - ERROR - Bussiness.BaseBussiness - GetServerConfig
System.NullReferenceException: Object reference not set to an instance of an object.
   at Bussiness.ServiceBussiness.GetServerPropertyByKey(String key) in C:\GunnyKyUcNewSource\GunnyKyUcNewSource\gameSrc\Bussiness\Bussiness\ServiceBussiness.cs:line 314
14:32:33,309 - [MAIN] - ERROR - Bussiness.GameProperties - Cannot find server property ChristmasBuildSnowmanDoubleMoney,keep it default value!
14:32:33,309 - [MAIN] - ERROR - Bussiness.BaseBussiness - GetServerConfig
System.NullReferenceException: Object reference not set to an instance of an object.
   at Bussiness.ServiceBussiness.GetServerPropertyByKey(String key) in C:\GunnyKyUcNewSource\GunnyKyUcNewSource\gameSrc\Bussiness\Bussiness\ServiceBussiness.cs:line 314
14:32:33,309 - [MAIN] - ERROR - Bussiness.GameProperties - Cannot find server property ChristmasBuyMinute,keep it default value!
14:32:33,325 - [MAIN] - ERROR - Bussiness.BaseBussiness - GetServerConfig
System.NullReferenceException: Object reference not set to an instance of an object.
   at Bussiness.ServiceBussiness.GetServerPropertyByKey(String key) in C:\GunnyKyUcNewSource\GunnyKyUcNewSource\gameSrc\Bussiness\Bussiness\ServiceBussiness.cs:line 314
14:32:33,325 - [MAIN] - ERROR - Bussiness.GameProperties - Cannot find server property ChristmasBuyTimeMoney,keep it default value!
14:32:33,325 - [MAIN] - ERROR - Bussiness.BaseBussiness - GetServerConfig
System.NullReferenceException: Object reference not set to an instance of an object.
   at Bussiness.ServiceBussiness.GetServerPropertyByKey(String key) in C:\GunnyKyUcNewSource\GunnyKyUcNewSource\gameSrc\Bussiness\Bussiness\ServiceBussiness.cs:line 314
14:32:33,325 - [MAIN] - ERROR - Bussiness.GameProperties - Cannot find server property ChristmasEndDate,keep it default value!
14:32:33,325 - [MAIN] - ERROR - Bussiness.BaseBussiness - GetServerConfig
System.NullReferenceException: Object reference not set to an instance of an object.
   at Bussiness.ServiceBussiness.GetServerPropertyByKey(String key) in C:\GunnyKyUcNewSource\GunnyKyUcNewSource\gameSrc\Bussiness\Bussiness\ServiceBussiness.cs:line 314
14:32:33,325 - [MAIN] - ERROR - Bussiness.GameProperties - Cannot find server property ChristmasGifts,keep it default value!
14:32:33,325 - [MAIN] - ERROR - Bussiness.BaseBussiness - GetServerConfig
System.NullReferenceException: Object reference not set to an instance of an object.
   at Bussiness.ServiceBussiness.GetServerPropertyByKey(String key) in C:\GunnyKyUcNewSource\GunnyKyUcNewSource\gameSrc\Bussiness\Bussiness\ServiceBussiness.cs:line 314
14:32:33,325 - [MAIN] - ERROR - Bussiness.GameProperties - Cannot find server property ChristmasGiftsMaxNum,keep it default value!
14:32:33,325 - [MAIN] - ERROR - Bussiness.BaseBussiness - GetServerConfig
System.NullReferenceException: Object reference not set to an instance of an object.
   at Bussiness.ServiceBussiness.GetServerPropertyByKey(String key) in C:\GunnyKyUcNewSource\GunnyKyUcNewSource\gameSrc\Bussiness\Bussiness\ServiceBussiness.cs:line 314
14:32:33,325 - [MAIN] - ERROR - Bussiness.GameProperties - Cannot find server property ChristmasMinute,keep it default value!
14:32:33,341 - [MAIN] - ERROR - Bussiness.BaseBussiness - GetServerConfig
System.NullReferenceException: Object reference not set to an instance of an object.
   at Bussiness.ServiceBussiness.GetServerPropertyByKey(String key) in C:\GunnyKyUcNewSource\GunnyKyUcNewSource\gameSrc\Bussiness\Bussiness\ServiceBussiness.cs:line 314
14:32:33,341 - [MAIN] - ERROR - Bussiness.GameProperties - Cannot find server property DailyAwardState,keep it default value!
14:32:33,341 - [MAIN] - ERROR - Bussiness.BaseBussiness - GetServerConfig
System.NullReferenceException: Object reference not set to an instance of an object.
   at Bussiness.ServiceBussiness.GetServerPropertyByKey(String key) in C:\GunnyKyUcNewSource\GunnyKyUcNewSource\gameSrc\Bussiness\Bussiness\ServiceBussiness.cs:line 314
14:32:33,341 - [MAIN] - ERROR - Bussiness.GameProperties - Cannot find server property DDPlayActivityBeginDate,keep it default value!
14:32:33,341 - [MAIN] - ERROR - Bussiness.BaseBussiness - GetServerConfig
System.NullReferenceException: Object reference not set to an instance of an object.
   at Bussiness.ServiceBussiness.GetServerPropertyByKey(String key) in C:\GunnyKyUcNewSource\GunnyKyUcNewSource\gameSrc\Bussiness\Bussiness\ServiceBussiness.cs:line 314
14:32:33,341 - [MAIN] - ERROR - Bussiness.GameProperties - Cannot find server property DDPlayActivityEndDate,keep it default value!
14:32:33,341 - [MAIN] - ERROR - Bussiness.BaseBussiness - GetServerConfig
System.NullReferenceException: Object reference not set to an instance of an object.
   at Bussiness.ServiceBussiness.GetServerPropertyByKey(String key) in C:\GunnyKyUcNewSource\GunnyKyUcNewSource\gameSrc\Bussiness\Bussiness\ServiceBussiness.cs:line 314
14:32:33,341 - [MAIN] - ERROR - Bussiness.GameProperties - Cannot find server property DDPlayActivityMoney,keep it default value!
14:32:33,341 - [MAIN] - ERROR - Bussiness.BaseBussiness - GetServerConfig
System.NullReferenceException: Object reference not set to an instance of an object.
   at Bussiness.ServiceBussiness.GetServerPropertyByKey(String key) in C:\GunnyKyUcNewSource\GunnyKyUcNewSource\gameSrc\Bussiness\Bussiness\ServiceBussiness.cs:line 314
14:32:33,356 - [MAIN] - ERROR - Bussiness.GameProperties - Cannot find server property AdvanceRateValue,keep it default value!
14:32:33,356 - [MAIN] - ERROR - Bussiness.BaseBussiness - GetServerConfig
System.NullReferenceException: Object reference not set to an instance of an object.
   at Bussiness.ServiceBussiness.GetServerPropertyByKey(String key) in C:\GunnyKyUcNewSource\GunnyKyUcNewSource\gameSrc\Bussiness\Bussiness\ServiceBussiness.cs:line 314
14:32:33,356 - [MAIN] - ERROR - Bussiness.GameProperties - Cannot find server property DiceBeginTime,keep it default value!
14:32:33,356 - [MAIN] - ERROR - Bussiness.BaseBussiness - GetServerConfig
System.NullReferenceException: Object reference not set to an instance of an object.
   at Bussiness.ServiceBussiness.GetServerPropertyByKey(String key) in C:\GunnyKyUcNewSource\GunnyKyUcNewSource\gameSrc\Bussiness\Bussiness\ServiceBussiness.cs:line 314
14:32:33,356 - [MAIN] - ERROR - Bussiness.GameProperties - Cannot find server property DiceEndTime,keep it default value!
14:32:33,356 - [MAIN] - ERROR - Bussiness.BaseBussiness - GetServerConfig
System.NullReferenceException: Object reference not set to an instance of an object.
   at Bussiness.ServiceBussiness.GetServerPropertyByKey(String key) in C:\GunnyKyUcNewSource\GunnyKyUcNewSource\gameSrc\Bussiness\Bussiness\ServiceBussiness.cs:line 314
14:32:33,356 - [MAIN] - ERROR - Bussiness.GameProperties - Cannot find server property DiceGameAwardAndCount,keep it default value!
14:32:33,356 - [MAIN] - ERROR - Bussiness.BaseBussiness - GetServerConfig
System.NullReferenceException: Object reference not set to an instance of an object.
   at Bussiness.ServiceBussiness.GetServerPropertyByKey(String key) in C:\GunnyKyUcNewSource\GunnyKyUcNewSource\gameSrc\Bussiness\Bussiness\ServiceBussiness.cs:line 314
14:32:33,356 - [MAIN] - ERROR - Bussiness.GameProperties - Cannot find server property DiceRefreshPrice,keep it default value!
14:32:33,372 - [MAIN] - ERROR - Bussiness.BaseBussiness - GetServerConfig
System.NullReferenceException: Object reference not set to an instance of an object.
   at Bussiness.ServiceBussiness.GetServerPropertyByKey(String key) in C:\GunnyKyUcNewSource\GunnyKyUcNewSource\gameSrc\Bussiness\Bussiness\ServiceBussiness.cs:line 314
14:32:33,372 - [MAIN] - ERROR - Bussiness.GameProperties - Cannot find server property DisableCommands,keep it default value!
14:32:33,372 - [MAIN] - ERROR - Bussiness.BaseBussiness - GetServerConfig
System.NullReferenceException: Object reference not set to an instance of an object.
   at Bussiness.ServiceBussiness.GetServerPropertyByKey(String key) in C:\GunnyKyUcNewSource\GunnyKyUcNewSource\gameSrc\Bussiness\Bussiness\ServiceBussiness.cs:line 314
14:32:33,372 - [MAIN] - ERROR - Bussiness.GameProperties - Cannot find server property WarriorFamRaidPriceBig,keep it default value!
14:32:33,372 - [MAIN] - ERROR - Bussiness.BaseBussiness - GetServerConfig
System.NullReferenceException: Object reference not set to an instance of an object.
   at Bussiness.ServiceBussiness.GetServerPropertyByKey(String key) in C:\GunnyKyUcNewSource\GunnyKyUcNewSource\gameSrc\Bussiness\Bussiness\ServiceBussiness.cs:line 314
14:32:33,372 - [MAIN] - ERROR - Bussiness.GameProperties - Cannot find server property WarriorFamRaidDDTPrice,keep it default value!
14:32:33,372 - [MAIN] - ERROR - Bussiness.BaseBussiness - GetServerConfig
System.NullReferenceException: Object reference not set to an instance of an object.
   at Bussiness.ServiceBussiness.GetServerPropertyByKey(String key) in C:\GunnyKyUcNewSource\GunnyKyUcNewSource\gameSrc\Bussiness\Bussiness\ServiceBussiness.cs:line 314
14:32:33,372 - [MAIN] - ERROR - Bussiness.GameProperties - Cannot find server property WarriorFamRaidTimeRemain,keep it default value!
14:32:33,372 - [MAIN] - ERROR - Bussiness.BaseBussiness - GetServerConfig
System.NullReferenceException: Object reference not set to an instance of an object.
   at Bussiness.ServiceBussiness.GetServerPropertyByKey(String key) in C:\GunnyKyUcNewSource\GunnyKyUcNewSource\gameSrc\Bussiness\Bussiness\ServiceBussiness.cs:line 314
14:32:33,388 - [MAIN] - ERROR - Bussiness.GameProperties - Cannot find server property WarriorFamRaidPriceSmall,keep it default value!
14:32:33,388 - [MAIN] - ERROR - Bussiness.BaseBussiness - GetServerConfig
System.NullReferenceException: Object reference not set to an instance of an object.
   at Bussiness.ServiceBussiness.GetServerPropertyByKey(String key) in C:\GunnyKyUcNewSource\GunnyKyUcNewSource\gameSrc\Bussiness\Bussiness\ServiceBussiness.cs:line 314
14:32:33,388 - [MAIN] - ERROR - Bussiness.GameProperties - Cannot find server property WarriorFamRaidPricePerMin,keep it default value!
14:32:33,388 - [MAIN] - ERROR - Bussiness.BaseBussiness - GetServerConfig
System.NullReferenceException: Object reference not set to an instance of an object.
   at Bussiness.ServiceBussiness.GetServerPropertyByKey(String key) in C:\GunnyKyUcNewSource\GunnyKyUcNewSource\gameSrc\Bussiness\Bussiness\ServiceBussiness.cs:line 314
14:32:33,388 - [MAIN] - ERROR - Bussiness.GameProperties - Cannot find server property DoubleDicePrice,keep it default value!
14:32:33,388 - [MAIN] - ERROR - Bussiness.BaseBussiness - GetServerConfig
System.NullReferenceException: Object reference not set to an instance of an object.
   at Bussiness.ServiceBussiness.GetServerPropertyByKey(String key) in C:\GunnyKyUcNewSource\GunnyKyUcNewSource\gameSrc\Bussiness\Bussiness\ServiceBussiness.cs:line 314
14:32:33,388 - [MAIN] - ERROR - Bussiness.GameProperties - Cannot find server property DragonBoatAreaMinScore,keep it default value!
14:32:33,388 - [MAIN] - ERROR - Bussiness.BaseBussiness - GetServerConfig
System.NullReferenceException: Object reference not set to an instance of an object.
   at Bussiness.ServiceBussiness.GetServerPropertyByKey(String key) in C:\GunnyKyUcNewSource\GunnyKyUcNewSource\gameSrc\Bussiness\Bussiness\ServiceBussiness.cs:line 314
14:32:33,388 - [MAIN] - ERROR - Bussiness.GameProperties - Cannot find server property DragonBoatBeginDate,keep it default value!
14:32:33,388 - [MAIN] - ERROR - Bussiness.BaseBussiness - GetServerConfig
System.NullReferenceException: Object reference not set to an instance of an object.
   at Bussiness.ServiceBussiness.GetServerPropertyByKey(String key) in C:\GunnyKyUcNewSource\GunnyKyUcNewSource\gameSrc\Bussiness\Bussiness\ServiceBussiness.cs:line 314
14:32:33,403 - [MAIN] - ERROR - Bussiness.GameProperties - Cannot find server property DragonBoatByMoney,keep it default value!
14:32:33,403 - [MAIN] - ERROR - Bussiness.BaseBussiness - GetServerConfig
System.NullReferenceException: Object reference not set to an instance of an object.
   at Bussiness.ServiceBussiness.GetServerPropertyByKey(String key) in C:\GunnyKyUcNewSource\GunnyKyUcNewSource\gameSrc\Bussiness\Bussiness\ServiceBussiness.cs:line 314
14:32:33,403 - [MAIN] - ERROR - Bussiness.GameProperties - Cannot find server property DragonBoatByProps,keep it default value!
14:32:33,403 - [MAIN] - ERROR - Bussiness.BaseBussiness - GetServerConfig
System.NullReferenceException: Object reference not set to an instance of an object.
   at Bussiness.ServiceBussiness.GetServerPropertyByKey(String key) in C:\GunnyKyUcNewSource\GunnyKyUcNewSource\gameSrc\Bussiness\Bussiness\ServiceBussiness.cs:line 314
14:32:33,403 - [MAIN] - ERROR - Bussiness.GameProperties - Cannot find server property DragonBoatConvertHours,keep it default value!
14:32:33,403 - [MAIN] - ERROR - Bussiness.BaseBussiness - GetServerConfig
System.NullReferenceException: Object reference not set to an instance of an object.
   at Bussiness.ServiceBussiness.GetServerPropertyByKey(String key) in C:\GunnyKyUcNewSource\GunnyKyUcNewSource\gameSrc\Bussiness\Bussiness\ServiceBussiness.cs:line 314
14:32:33,403 - [MAIN] - ERROR - Bussiness.GameProperties - Cannot find server property DragonBoatEndDate,keep it default value!
14:32:33,403 - [MAIN] - ERROR - Bussiness.BaseBussiness - GetServerConfig
System.NullReferenceException: Object reference not set to an instance of an object.
   at Bussiness.ServiceBussiness.GetServerPropertyByKey(String key) in C:\GunnyKyUcNewSource\GunnyKyUcNewSource\gameSrc\Bussiness\Bussiness\ServiceBussiness.cs:line 314
14:32:33,419 - [MAIN] - ERROR - Bussiness.GameProperties - Cannot find server property DragonBoatMaxScore,keep it default value!
14:32:33,419 - [MAIN] - ERROR - Bussiness.BaseBussiness - GetServerConfig
System.NullReferenceException: Object reference not set to an instance of an object.
   at Bussiness.ServiceBussiness.GetServerPropertyByKey(String key) in C:\GunnyKyUcNewSource\GunnyKyUcNewSource\gameSrc\Bussiness\Bussiness\ServiceBussiness.cs:line 314
14:32:33,419 - [MAIN] - ERROR - Bussiness.GameProperties - Cannot find server property DragonBoatMinScore,keep it default value!
14:32:33,419 - [MAIN] - ERROR - Bussiness.BaseBussiness - GetServerConfig
System.NullReferenceException: Object reference not set to an instance of an object.
   at Bussiness.ServiceBussiness.GetServerPropertyByKey(String key) in C:\GunnyKyUcNewSource\GunnyKyUcNewSource\gameSrc\Bussiness\Bussiness\ServiceBussiness.cs:line 314
14:32:33,419 - [MAIN] - ERROR - Bussiness.GameProperties - Cannot find server property DragonBoatProp,keep it default value!
14:32:33,419 - [MAIN] - ERROR - Bussiness.BaseBussiness - GetServerConfig
System.NullReferenceException: Object reference not set to an instance of an object.
   at Bussiness.ServiceBussiness.GetServerPropertyByKey(String key) in C:\GunnyKyUcNewSource\GunnyKyUcNewSource\gameSrc\Bussiness\Bussiness\ServiceBussiness.cs:line 314
14:32:33,419 - [MAIN] - ERROR - Bussiness.GameProperties - Cannot find server property Edition,keep it default value!
14:32:33,419 - [MAIN] - ERROR - Bussiness.BaseBussiness - GetServerConfig
System.NullReferenceException: Object reference not set to an instance of an object.
   at Bussiness.ServiceBussiness.GetServerPropertyByKey(String key) in C:\GunnyKyUcNewSource\GunnyKyUcNewSource\gameSrc\Bussiness\Bussiness\ServiceBussiness.cs:line 314
14:32:33,419 - [MAIN] - ERROR - Bussiness.GameProperties - Cannot find server property EndAuction,keep it default value!
14:32:33,434 - [MAIN] - ERROR - Bussiness.BaseBussiness - GetServerConfig
System.NullReferenceException: Object reference not set to an instance of an object.
   at Bussiness.ServiceBussiness.GetServerPropertyByKey(String key) in C:\GunnyKyUcNewSource\GunnyKyUcNewSource\gameSrc\Bussiness\Bussiness\ServiceBussiness.cs:line 314
14:32:33,434 - [MAIN] - ERROR - Bussiness.GameProperties - Cannot find server property EquipMaxRefineryLevel,keep it default value!
14:32:33,434 - [MAIN] - ERROR - Bussiness.BaseBussiness - GetServerConfig
System.NullReferenceException: Object reference not set to an instance of an object.
   at Bussiness.ServiceBussiness.GetServerPropertyByKey(String key) in C:\GunnyKyUcNewSource\GunnyKyUcNewSource\gameSrc\Bussiness\Bussiness\ServiceBussiness.cs:line 314
14:32:33,434 - [MAIN] - ERROR - Bussiness.GameProperties - Cannot find server property EquipRefineryExp,keep it default value!
14:32:33,434 - [MAIN] - ERROR - Bussiness.BaseBussiness - GetServerConfig
System.NullReferenceException: Object reference not set to an instance of an object.
   at Bussiness.ServiceBussiness.GetServerPropertyByKey(String key) in C:\GunnyKyUcNewSource\GunnyKyUcNewSource\gameSrc\Bussiness\Bussiness\ServiceBussiness.cs:line 314
14:32:33,434 - [MAIN] - ERROR - Bussiness.GameProperties - Cannot find server property FightFootballTime,keep it default value!
14:32:33,434 - [MAIN] - ERROR - Bussiness.BaseBussiness - GetServerConfig
System.NullReferenceException: Object reference not set to an instance of an object.
   at Bussiness.ServiceBussiness.GetServerPropertyByKey(String key) in C:\GunnyKyUcNewSource\GunnyKyUcNewSource\gameSrc\Bussiness\Bussiness\ServiceBussiness.cs:line 314
14:32:33,434 - [MAIN] - ERROR - Bussiness.GameProperties - Cannot find server property FreeExp,keep it default value!
14:32:33,434 - [MAIN] - ERROR - Bussiness.BaseBussiness - GetServerConfig
System.NullReferenceException: Object reference not set to an instance of an object.
   at Bussiness.ServiceBussiness.GetServerPropertyByKey(String key) in C:\GunnyKyUcNewSource\GunnyKyUcNewSource\gameSrc\Bussiness\Bussiness\ServiceBussiness.cs:line 314
14:32:33,434 - [MAIN] - ERROR - Bussiness.GameProperties - Cannot find server property FreeMoney,keep it default value!
14:32:33,450 - [MAIN] - ERROR - Bussiness.BaseBussiness - GetServerConfig
System.NullReferenceException: Object reference not set to an instance of an object.
   at Bussiness.ServiceBussiness.GetServerPropertyByKey(String key) in C:\GunnyKyUcNewSource\GunnyKyUcNewSource\gameSrc\Bussiness\Bussiness\ServiceBussiness.cs:line 314
14:32:33,450 - [MAIN] - ERROR - Bussiness.GameProperties - Cannot find server property HoleLevelUpExpList,keep it default value!
14:32:33,450 - [MAIN] - ERROR - Bussiness.BaseBussiness - GetServerConfig
System.NullReferenceException: Object reference not set to an instance of an object.
   at Bussiness.ServiceBussiness.GetServerPropertyByKey(String key) in C:\GunnyKyUcNewSource\GunnyKyUcNewSource\gameSrc\Bussiness\Bussiness\ServiceBussiness.cs:line 314
14:32:33,450 - [MAIN] - ERROR - Bussiness.GameProperties - Cannot find server property HotSpringExp,keep it default value!
14:32:33,450 - [MAIN] - ERROR - Bussiness.BaseBussiness - GetServerConfig
System.NullReferenceException: Object reference not set to an instance of an object.
   at Bussiness.ServiceBussiness.GetServerPropertyByKey(String key) in C:\GunnyKyUcNewSource\GunnyKyUcNewSource\gameSrc\Bussiness\Bussiness\ServiceBussiness.cs:line 314
14:32:33,450 - [MAIN] - ERROR - Bussiness.GameProperties - Cannot find server property IsActiveMoney,keep it default value!
14:32:33,450 - [MAIN] - ERROR - Bussiness.BaseBussiness - GetServerConfig
System.NullReferenceException: Object reference not set to an instance of an object.
   at Bussiness.ServiceBussiness.GetServerPropertyByKey(String key) in C:\GunnyKyUcNewSource\GunnyKyUcNewSource\gameSrc\Bussiness\Bussiness\ServiceBussiness.cs:line 314
14:32:33,450 - [MAIN] - ERROR - Bussiness.GameProperties - Cannot find server property IsDDTMoneyActive,keep it default value!
14:32:33,450 - [MAIN] - ERROR - Bussiness.BaseBussiness - GetServerConfig
System.NullReferenceException: Object reference not set to an instance of an object.
   at Bussiness.ServiceBussiness.GetServerPropertyByKey(String key) in C:\GunnyKyUcNewSource\GunnyKyUcNewSource\gameSrc\Bussiness\Bussiness\ServiceBussiness.cs:line 314
14:32:33,466 - [MAIN] - ERROR - Bussiness.GameProperties - Cannot find server property IsLimitAuction,keep it default value!
14:32:33,466 - [MAIN] - ERROR - Bussiness.BaseBussiness - GetServerConfig
System.NullReferenceException: Object reference not set to an instance of an object.
   at Bussiness.ServiceBussiness.GetServerPropertyByKey(String key) in C:\GunnyKyUcNewSource\GunnyKyUcNewSource\gameSrc\Bussiness\Bussiness\ServiceBussiness.cs:line 314
14:32:33,466 - [MAIN] - ERROR - Bussiness.GameProperties - Cannot find server property IsLimitCount,keep it default value!
14:32:33,466 - [MAIN] - ERROR - Bussiness.BaseBussiness - GetServerConfig
System.NullReferenceException: Object reference not set to an instance of an object.
   at Bussiness.ServiceBussiness.GetServerPropertyByKey(String key) in C:\GunnyKyUcNewSource\GunnyKyUcNewSource\gameSrc\Bussiness\Bussiness\ServiceBussiness.cs:line 314
14:32:33,466 - [MAIN] - ERROR - Bussiness.GameProperties - Cannot find server property IsLimitMail,keep it default value!
14:32:33,466 - [MAIN] - ERROR - Bussiness.BaseBussiness - GetServerConfig
System.NullReferenceException: Object reference not set to an instance of an object.
   at Bussiness.ServiceBussiness.GetServerPropertyByKey(String key) in C:\GunnyKyUcNewSource\GunnyKyUcNewSource\gameSrc\Bussiness\Bussiness\ServiceBussiness.cs:line 314
14:32:33,466 - [MAIN] - ERROR - Bussiness.GameProperties - Cannot find server property IsLimitMoney,keep it default value!
14:32:33,466 - [MAIN] - ERROR - Bussiness.BaseBussiness - GetServerConfig
System.NullReferenceException: Object reference not set to an instance of an object.
   at Bussiness.ServiceBussiness.GetServerPropertyByKey(String key) in C:\GunnyKyUcNewSource\GunnyKyUcNewSource\gameSrc\Bussiness\Bussiness\ServiceBussiness.cs:line 314
14:32:33,466 - [MAIN] - ERROR - Bussiness.GameProperties - Cannot find server property WishBeadRate,keep it default value!
14:32:33,481 - [MAIN] - ERROR - Bussiness.BaseBussiness - GetServerConfig
System.NullReferenceException: Object reference not set to an instance of an object.
   at Bussiness.ServiceBussiness.GetServerPropertyByKey(String key) in C:\GunnyKyUcNewSource\GunnyKyUcNewSource\gameSrc\Bussiness\Bussiness\ServiceBussiness.cs:line 314
14:32:33,481 - [MAIN] - ERROR - Bussiness.GameProperties - Cannot find server property WishBeadLimitLv,keep it default value!
14:32:33,481 - [MAIN] - ERROR - Bussiness.BaseBussiness - GetServerConfig
System.NullReferenceException: Object reference not set to an instance of an object.
   at Bussiness.ServiceBussiness.GetServerPropertyByKey(String key) in C:\GunnyKyUcNewSource\GunnyKyUcNewSource\gameSrc\Bussiness\Bussiness\ServiceBussiness.cs:line 314
14:32:33,481 - [MAIN] - ERROR - Bussiness.GameProperties - Cannot find server property IsWishBeadLimit,keep it default value!
14:32:33,481 - [MAIN] - ERROR - Bussiness.BaseBussiness - GetServerConfig
System.NullReferenceException: Object reference not set to an instance of an object.
   at Bussiness.ServiceBussiness.GetServerPropertyByKey(String key) in C:\GunnyKyUcNewSource\GunnyKyUcNewSource\gameSrc\Bussiness\Bussiness\ServiceBussiness.cs:line 314
14:32:33,481 - [MAIN] - ERROR - Bussiness.GameProperties - Cannot find server property IsPromotePackageOpen,keep it default value!
14:32:33,481 - [MAIN] - ERROR - Bussiness.BaseBussiness - GetServerConfig
System.NullReferenceException: Object reference not set to an instance of an object.
   at Bussiness.ServiceBussiness.GetServerPropertyByKey(String key) in C:\GunnyKyUcNewSource\GunnyKyUcNewSource\gameSrc\Bussiness\Bussiness\ServiceBussiness.cs:line 314
14:32:33,481 - [MAIN] - ERROR - Bussiness.GameProperties - Cannot find server property KingBuffPrice,keep it default value!
14:32:33,481 - [MAIN] - ERROR - Bussiness.BaseBussiness - GetServerConfig
System.NullReferenceException: Object reference not set to an instance of an object.
   at Bussiness.ServiceBussiness.GetServerPropertyByKey(String key) in C:\GunnyKyUcNewSource\GunnyKyUcNewSource\gameSrc\Bussiness\Bussiness\ServiceBussiness.cs:line 314
14:32:33,481 - [MAIN] - ERROR - Bussiness.GameProperties - Cannot find server property LightRiddleAnswerScore,keep it default value!
14:32:33,481 - [MAIN] - ERROR - Bussiness.BaseBussiness - GetServerConfig
System.NullReferenceException: Object reference not set to an instance of an object.
   at Bussiness.ServiceBussiness.GetServerPropertyByKey(String key) in C:\GunnyKyUcNewSource\GunnyKyUcNewSource\gameSrc\Bussiness\Bussiness\ServiceBussiness.cs:line 314
14:32:33,497 - [MAIN] - ERROR - Bussiness.GameProperties - Cannot find server property LightRiddleAnswerTime,keep it default value!
14:32:33,497 - [MAIN] - ERROR - Bussiness.BaseBussiness - GetServerConfig
System.NullReferenceException: Object reference not set to an instance of an object.
   at Bussiness.ServiceBussiness.GetServerPropertyByKey(String key) in C:\GunnyKyUcNewSource\GunnyKyUcNewSource\gameSrc\Bussiness\Bussiness\ServiceBussiness.cs:line 314
14:32:33,497 - [MAIN] - ERROR - Bussiness.GameProperties - Cannot find server property LightRiddleBeginDate,keep it default value!
14:32:33,497 - [MAIN] - ERROR - Bussiness.BaseBussiness - GetServerConfig
System.NullReferenceException: Object reference not set to an instance of an object.
   at Bussiness.ServiceBussiness.GetServerPropertyByKey(String key) in C:\GunnyKyUcNewSource\GunnyKyUcNewSource\gameSrc\Bussiness\Bussiness\ServiceBussiness.cs:line 314
14:32:33,497 - [MAIN] - ERROR - Bussiness.GameProperties - Cannot find server property LightRiddleBeginTime,keep it default value!
14:32:33,497 - [MAIN] - ERROR - Bussiness.BaseBussiness - GetServerConfig
System.NullReferenceException: Object reference not set to an instance of an object.
   at Bussiness.ServiceBussiness.GetServerPropertyByKey(String key) in C:\GunnyKyUcNewSource\GunnyKyUcNewSource\gameSrc\Bussiness\Bussiness\ServiceBussiness.cs:line 314
14:32:33,497 - [MAIN] - ERROR - Bussiness.GameProperties - Cannot find server property LightRiddleComboMoney,keep it default value!
14:32:33,497 - [MAIN] - ERROR - Bussiness.BaseBussiness - GetServerConfig
System.NullReferenceException: Object reference not set to an instance of an object.
   at Bussiness.ServiceBussiness.GetServerPropertyByKey(String key) in C:\GunnyKyUcNewSource\GunnyKyUcNewSource\gameSrc\Bussiness\Bussiness\ServiceBussiness.cs:line 314
14:32:33,497 - [MAIN] - ERROR - Bussiness.GameProperties - Cannot find server property LightRiddleEndDate,keep it default value!
14:32:33,513 - [MAIN] - ERROR - Bussiness.BaseBussiness - GetServerConfig
System.NullReferenceException: Object reference not set to an instance of an object.
   at Bussiness.ServiceBussiness.GetServerPropertyByKey(String key) in C:\GunnyKyUcNewSource\GunnyKyUcNewSource\gameSrc\Bussiness\Bussiness\ServiceBussiness.cs:line 314
14:32:33,513 - [MAIN] - ERROR - Bussiness.GameProperties - Cannot find server property LightRiddleEndTime,keep it default value!
14:32:33,513 - [MAIN] - ERROR - Bussiness.BaseBussiness - GetServerConfig
System.NullReferenceException: Object reference not set to an instance of an object.
   at Bussiness.ServiceBussiness.GetServerPropertyByKey(String key) in C:\GunnyKyUcNewSource\GunnyKyUcNewSource\gameSrc\Bussiness\Bussiness\ServiceBussiness.cs:line 314
14:32:33,513 - [MAIN] - ERROR - Bussiness.GameProperties - Cannot find server property LightRiddleFreeComboNum,keep it default value!
14:32:33,513 - [MAIN] - ERROR - Bussiness.BaseBussiness - GetServerConfig
System.NullReferenceException: Object reference not set to an instance of an object.
   at Bussiness.ServiceBussiness.GetServerPropertyByKey(String key) in C:\GunnyKyUcNewSource\GunnyKyUcNewSource\gameSrc\Bussiness\Bussiness\ServiceBussiness.cs:line 314
14:32:33,513 - [MAIN] - ERROR - Bussiness.GameProperties - Cannot find server property LightRiddleFreeHitNum,keep it default value!
14:32:33,513 - [MAIN] - ERROR - Bussiness.BaseBussiness - GetServerConfig
System.NullReferenceException: Object reference not set to an instance of an object.
   at Bussiness.ServiceBussiness.GetServerPropertyByKey(String key) in C:\GunnyKyUcNewSource\GunnyKyUcNewSource\gameSrc\Bussiness\Bussiness\ServiceBussiness.cs:line 314
14:32:33,513 - [MAIN] - ERROR - Bussiness.GameProperties - Cannot find server property LightRiddleHitMoney,keep it default value!
14:32:33,513 - [MAIN] - ERROR - Bussiness.BaseBussiness - GetServerConfig
System.NullReferenceException: Object reference not set to an instance of an object.
   at Bussiness.ServiceBussiness.GetServerPropertyByKey(String key) in C:\GunnyKyUcNewSource\GunnyKyUcNewSource\gameSrc\Bussiness\Bussiness\ServiceBussiness.cs:line 314
14:32:33,513 - [MAIN] - ERROR - Bussiness.GameProperties - Cannot find server property LightRiddleOpenLevel,keep it default value!
14:32:33,528 - [MAIN] - ERROR - Bussiness.BaseBussiness - GetServerConfig
System.NullReferenceException: Object reference not set to an instance of an object.
   at Bussiness.ServiceBussiness.GetServerPropertyByKey(String key) in C:\GunnyKyUcNewSource\GunnyKyUcNewSource\gameSrc\Bussiness\Bussiness\ServiceBussiness.cs:line 314
14:32:33,528 - [MAIN] - ERROR - Bussiness.GameProperties - Cannot find server property LimitAuction,keep it default value!
14:32:33,528 - [MAIN] - ERROR - Bussiness.BaseBussiness - GetServerConfig
System.NullReferenceException: Object reference not set to an instance of an object.
   at Bussiness.ServiceBussiness.GetServerPropertyByKey(String key) in C:\GunnyKyUcNewSource\GunnyKyUcNewSource\gameSrc\Bussiness\Bussiness\ServiceBussiness.cs:line 314
14:32:33,528 - [MAIN] - ERROR - Bussiness.GameProperties - Cannot find server property LimitCount,keep it default value!
14:32:33,528 - [MAIN] - ERROR - Bussiness.BaseBussiness - GetServerConfig
System.NullReferenceException: Object reference not set to an instance of an object.
   at Bussiness.ServiceBussiness.GetServerPropertyByKey(String key) in C:\GunnyKyUcNewSource\GunnyKyUcNewSource\gameSrc\Bussiness\Bussiness\ServiceBussiness.cs:line 314
14:32:33,528 - [MAIN] - ERROR - Bussiness.GameProperties - Cannot find server property LimitMail,keep it default value!
14:32:33,528 - [MAIN] - ERROR - Bussiness.BaseBussiness - GetServerConfig
System.NullReferenceException: Object reference not set to an instance of an object.
   at Bussiness.ServiceBussiness.GetServerPropertyByKey(String key) in C:\GunnyKyUcNewSource\GunnyKyUcNewSource\gameSrc\Bussiness\Bussiness\ServiceBussiness.cs:line 314
14:32:33,528 - [MAIN] - ERROR - Bussiness.GameProperties - Cannot find server property LimitMoney,keep it default value!
14:32:33,528 - [MAIN] - ERROR - Bussiness.BaseBussiness - GetServerConfig
System.NullReferenceException: Object reference not set to an instance of an object.
   at Bussiness.ServiceBussiness.GetServerPropertyByKey(String key) in C:\GunnyKyUcNewSource\GunnyKyUcNewSource\gameSrc\Bussiness\Bussiness\ServiceBussiness.cs:line 314
14:32:33,544 - [MAIN] - ERROR - Bussiness.GameProperties - Cannot find server property LuckStarActivityBeginDate,keep it default value!
14:32:33,544 - [MAIN] - ERROR - Bussiness.BaseBussiness - GetServerConfig
System.NullReferenceException: Object reference not set to an instance of an object.
   at Bussiness.ServiceBussiness.GetServerPropertyByKey(String key) in C:\GunnyKyUcNewSource\GunnyKyUcNewSource\gameSrc\Bussiness\Bussiness\ServiceBussiness.cs:line 314
14:32:33,544 - [MAIN] - ERROR - Bussiness.GameProperties - Cannot find server property LuckStarActivityEndDate,keep it default value!
14:32:33,544 - [MAIN] - ERROR - Bussiness.BaseBussiness - GetServerConfig
System.NullReferenceException: Object reference not set to an instance of an object.
   at Bussiness.ServiceBussiness.GetServerPropertyByKey(String key) in C:\GunnyKyUcNewSource\GunnyKyUcNewSource\gameSrc\Bussiness\Bussiness\ServiceBussiness.cs:line 314
14:32:33,544 - [MAIN] - ERROR - Bussiness.GameProperties - Cannot find server property MagicPackageID,keep it default value!
14:32:33,544 - [MAIN] - ERROR - Bussiness.BaseBussiness - GetServerConfig
System.NullReferenceException: Object reference not set to an instance of an object.
   at Bussiness.ServiceBussiness.GetServerPropertyByKey(String key) in C:\GunnyKyUcNewSource\GunnyKyUcNewSource\gameSrc\Bussiness\Bussiness\ServiceBussiness.cs:line 314
14:32:33,544 - [MAIN] - ERROR - Bussiness.GameProperties - Cannot find server property MagicStoneOpenPoint,keep it default value!
14:32:33,544 - [MAIN] - ERROR - Bussiness.BaseBussiness - GetServerConfig
System.NullReferenceException: Object reference not set to an instance of an object.
   at Bussiness.ServiceBussiness.GetServerPropertyByKey(String key) in C:\GunnyKyUcNewSource\GunnyKyUcNewSource\gameSrc\Bussiness\Bussiness\ServiceBussiness.cs:line 314
14:32:33,544 - [MAIN] - ERROR - Bussiness.GameProperties - Cannot find server property MaxMissionEnergy,keep it default value!
14:32:33,544 - [MAIN] - ERROR - Bussiness.BaseBussiness - GetServerConfig
System.NullReferenceException: Object reference not set to an instance of an object.
   at Bussiness.ServiceBussiness.GetServerPropertyByKey(String key) in C:\GunnyKyUcNewSource\GunnyKyUcNewSource\gameSrc\Bussiness\Bussiness\ServiceBussiness.cs:line 314
14:32:33,559 - [MAIN] - ERROR - Bussiness.GameProperties - Cannot find server property MinUseNum,keep it default value!
14:32:33,559 - [MAIN] - ERROR - Bussiness.BaseBussiness - GetServerConfig
System.NullReferenceException: Object reference not set to an instance of an object.
   at Bussiness.ServiceBussiness.GetServerPropertyByKey(String key) in C:\GunnyKyUcNewSource\GunnyKyUcNewSource\gameSrc\Bussiness\Bussiness\ServiceBussiness.cs:line 314
14:32:33,559 - [MAIN] - ERROR - Bussiness.GameProperties - Cannot find server property NewChickenBeginTime,keep it default value!
14:32:33,559 - [MAIN] - ERROR - Bussiness.BaseBussiness - GetServerConfig
System.NullReferenceException: Object reference not set to an instance of an object.
   at Bussiness.ServiceBussiness.GetServerPropertyByKey(String key) in C:\GunnyKyUcNewSource\GunnyKyUcNewSource\gameSrc\Bussiness\Bussiness\ServiceBussiness.cs:line 314
14:32:33,559 - [MAIN] - ERROR - Bussiness.GameProperties - Cannot find server property NewChickenEagleEyePrice,keep it default value!
14:32:33,559 - [MAIN] - ERROR - Bussiness.BaseBussiness - GetServerConfig
System.NullReferenceException: Object reference not set to an instance of an object.
   at Bussiness.ServiceBussiness.GetServerPropertyByKey(String key) in C:\GunnyKyUcNewSource\GunnyKyUcNewSource\gameSrc\Bussiness\Bussiness\ServiceBussiness.cs:line 314
14:32:33,559 - [MAIN] - ERROR - Bussiness.GameProperties - Cannot find server property NewChickenEndTime,keep it default value!
14:32:33,575 - [MAIN] - ERROR - Bussiness.BaseBussiness - GetServerConfig
System.NullReferenceException: Object reference not set to an instance of an object.
   at Bussiness.ServiceBussiness.GetServerPropertyByKey(String key) in C:\GunnyKyUcNewSource\GunnyKyUcNewSource\gameSrc\Bussiness\Bussiness\ServiceBussiness.cs:line 314
14:32:33,575 - [MAIN] - ERROR - Bussiness.GameProperties - Cannot find server property NewChickenFlushPrice,keep it default value!
14:32:33,575 - [MAIN] - ERROR - Bussiness.BaseBussiness - GetServerConfig
System.NullReferenceException: Object reference not set to an instance of an object.
   at Bussiness.ServiceBussiness.GetServerPropertyByKey(String key) in C:\GunnyKyUcNewSource\GunnyKyUcNewSource\gameSrc\Bussiness\Bussiness\ServiceBussiness.cs:line 314
14:32:33,575 - [MAIN] - ERROR - Bussiness.GameProperties - Cannot find server property NewChickenOpenCardPrice,keep it default value!
14:32:33,575 - [MAIN] - ERROR - Bussiness.BaseBussiness - GetServerConfig
System.NullReferenceException: Object reference not set to an instance of an object.
   at Bussiness.ServiceBussiness.GetServerPropertyByKey(String key) in C:\GunnyKyUcNewSource\GunnyKyUcNewSource\gameSrc\Bussiness\Bussiness\ServiceBussiness.cs:line 314
14:32:33,575 - [MAIN] - ERROR - Bussiness.GameProperties - Cannot find server property OpenMagicStonePackageMoney,keep it default value!
14:32:33,575 - [MAIN] - ERROR - Bussiness.BaseBussiness - GetServerConfig
System.NullReferenceException: Object reference not set to an instance of an object.
   at Bussiness.ServiceBussiness.GetServerPropertyByKey(String key) in C:\GunnyKyUcNewSource\GunnyKyUcNewSource\gameSrc\Bussiness\Bussiness\ServiceBussiness.cs:line 314
14:32:33,575 - [MAIN] - ERROR - Bussiness.GameProperties - Cannot find server property OpenRunePackageMoney,keep it default value!
14:32:33,575 - [MAIN] - ERROR - Bussiness.BaseBussiness - GetServerConfig
System.NullReferenceException: Object reference not set to an instance of an object.
   at Bussiness.ServiceBussiness.GetServerPropertyByKey(String key) in C:\GunnyKyUcNewSource\GunnyKyUcNewSource\gameSrc\Bussiness\Bussiness\ServiceBussiness.cs:line 314
14:32:33,575 - [MAIN] - ERROR - Bussiness.GameProperties - Cannot find server property OpenRunePackageRange,keep it default value!
14:32:33,575 - [MAIN] - ERROR - Bussiness.BaseBussiness - GetServerConfig
System.NullReferenceException: Object reference not set to an instance of an object.
   at Bussiness.ServiceBussiness.GetServerPropertyByKey(String key) in C:\GunnyKyUcNewSource\GunnyKyUcNewSource\gameSrc\Bussiness\Bussiness\ServiceBussiness.cs:line 314
14:32:33,591 - [MAIN] - ERROR - Bussiness.GameProperties - Cannot find server property PetExp,keep it default value!
14:32:33,591 - [MAIN] - ERROR - Bussiness.BaseBussiness - GetServerConfig
System.NullReferenceException: Object reference not set to an instance of an object.
   at Bussiness.ServiceBussiness.GetServerPropertyByKey(String key) in C:\GunnyKyUcNewSource\GunnyKyUcNewSource\gameSrc\Bussiness\Bussiness\ServiceBussiness.cs:line 314
14:32:33,591 - [MAIN] - ERROR - Bussiness.GameProperties - Cannot find server property DivorcedMoney,keep it default value!
14:32:33,591 - [MAIN] - ERROR - Bussiness.BaseBussiness - GetServerConfig
System.NullReferenceException: Object reference not set to an instance of an object.
   at Bussiness.ServiceBussiness.GetServerPropertyByKey(String key) in C:\GunnyKyUcNewSource\GunnyKyUcNewSource\gameSrc\Bussiness\Bussiness\ServiceBussiness.cs:line 314
14:32:33,591 - [MAIN] - ERROR - Bussiness.GameProperties - Cannot find server property DivorcedDiscountMoney,keep it default value!
14:32:33,591 - [MAIN] - ERROR - Bussiness.BaseBussiness - GetServerConfig
System.NullReferenceException: Object reference not set to an instance of an object.
   at Bussiness.ServiceBussiness.GetServerPropertyByKey(String key) in C:\GunnyKyUcNewSource\GunnyKyUcNewSource\gameSrc\Bussiness\Bussiness\ServiceBussiness.cs:line 314
14:32:33,591 - [MAIN] - ERROR - Bussiness.GameProperties - Cannot find server property MustFusionGold,keep it default value!
14:32:33,591 - [MAIN] - ERROR - Bussiness.BaseBussiness - GetServerConfig
System.NullReferenceException: Object reference not set to an instance of an object.
   at Bussiness.ServiceBussiness.GetServerPropertyByKey(String key) in C:\GunnyKyUcNewSource\GunnyKyUcNewSource\gameSrc\Bussiness\Bussiness\ServiceBussiness.cs:line 314
14:32:33,606 - [MAIN] - ERROR - Bussiness.GameProperties - Cannot find server property MarryRoomCreateMoney,keep it default value!
14:32:33,606 - [MAIN] - ERROR - Bussiness.BaseBussiness - GetServerConfig
System.NullReferenceException: Object reference not set to an instance of an object.
   at Bussiness.ServiceBussiness.GetServerPropertyByKey(String key) in C:\GunnyKyUcNewSource\GunnyKyUcNewSource\gameSrc\Bussiness\Bussiness\ServiceBussiness.cs:line 314
14:32:33,606 - [MAIN] - ERROR - Bussiness.GameProperties - Cannot find server property HymenealMoney,keep it default value!
14:32:33,606 - [MAIN] - ERROR - Bussiness.BaseBussiness - GetServerConfig
System.NullReferenceException: Object reference not set to an instance of an object.
   at Bussiness.ServiceBussiness.GetServerPropertyByKey(String key) in C:\GunnyKyUcNewSource\GunnyKyUcNewSource\gameSrc\Bussiness\Bussiness\ServiceBussiness.cs:line 314
14:32:33,606 - [MAIN] - ERROR - Bussiness.GameProperties - Cannot find server property MustStrengthenGold,keep it default value!
14:32:33,606 - [MAIN] - ERROR - Bussiness.BaseBussiness - GetServerConfig
System.NullReferenceException: Object reference not set to an instance of an object.
   at Bussiness.ServiceBussiness.GetServerPropertyByKey(String key) in C:\GunnyKyUcNewSource\GunnyKyUcNewSource\gameSrc\Bussiness\Bussiness\ServiceBussiness.cs:line 314
14:32:33,606 - [MAIN] - ERROR - Bussiness.GameProperties - Cannot find server property PromotePackagePrice,keep it default value!
14:32:33,606 - [MAIN] - ERROR - Bussiness.BaseBussiness - GetServerConfig
System.NullReferenceException: Object reference not set to an instance of an object.
   at Bussiness.ServiceBussiness.GetServerPropertyByKey(String key) in C:\GunnyKyUcNewSource\GunnyKyUcNewSource\gameSrc\Bussiness\Bussiness\ServiceBussiness.cs:line 314
14:32:33,606 - [MAIN] - ERROR - Bussiness.GameProperties - Cannot find server property PyramidBeginTime,keep it default value!
14:32:33,606 - [MAIN] - ERROR - Bussiness.BaseBussiness - GetServerConfig
System.NullReferenceException: Object reference not set to an instance of an object.
   at Bussiness.ServiceBussiness.GetServerPropertyByKey(String key) in C:\GunnyKyUcNewSource\GunnyKyUcNewSource\gameSrc\Bussiness\Bussiness\ServiceBussiness.cs:line 314
14:32:33,622 - [MAIN] - ERROR - Bussiness.GameProperties - Cannot find server property PyramidEndTime,keep it default value!
14:32:33,622 - [MAIN] - ERROR - Bussiness.BaseBussiness - GetServerConfig
System.NullReferenceException: Object reference not set to an instance of an object.
   at Bussiness.ServiceBussiness.GetServerPropertyByKey(String key) in C:\GunnyKyUcNewSource\GunnyKyUcNewSource\gameSrc\Bussiness\Bussiness\ServiceBussiness.cs:line 314
14:32:33,622 - [MAIN] - ERROR - Bussiness.GameProperties - Cannot find server property PyramidRevivePrice,keep it default value!
14:32:33,622 - [MAIN] - ERROR - Bussiness.BaseBussiness - GetServerConfig
System.NullReferenceException: Object reference not set to an instance of an object.
   at Bussiness.ServiceBussiness.GetServerPropertyByKey(String key) in C:\GunnyKyUcNewSource\GunnyKyUcNewSource\gameSrc\Bussiness\Bussiness\ServiceBussiness.cs:line 314
14:32:33,622 - [MAIN] - ERROR - Bussiness.GameProperties - Cannot find server property PyramydTurnCardPrice,keep it default value!
14:32:33,622 - [MAIN] - ERROR - Bussiness.BaseBussiness - GetServerConfig
System.NullReferenceException: Object reference not set to an instance of an object.
   at Bussiness.ServiceBussiness.GetServerPropertyByKey(String key) in C:\GunnyKyUcNewSource\GunnyKyUcNewSource\gameSrc\Bussiness\Bussiness\ServiceBussiness.cs:line 314
14:32:33,622 - [MAIN] - ERROR - Bussiness.GameProperties - Cannot find server property RingLevel,keep it default value!
14:32:33,622 - [MAIN] - ERROR - Bussiness.BaseBussiness - GetServerConfig
System.NullReferenceException: Object reference not set to an instance of an object.
   at Bussiness.ServiceBussiness.GetServerPropertyByKey(String key) in C:\GunnyKyUcNewSource\GunnyKyUcNewSource\gameSrc\Bussiness\Bussiness\ServiceBussiness.cs:line 314
14:32:33,638 - [MAIN] - ERROR - Bussiness.GameProperties - Cannot find server property RingMaxRefineryLevel,keep it default value!
14:32:33,638 - [MAIN] - ERROR - Bussiness.BaseBussiness - GetServerConfig
System.NullReferenceException: Object reference not set to an instance of an object.
   at Bussiness.ServiceBussiness.GetServerPropertyByKey(String key) in C:\GunnyKyUcNewSource\GunnyKyUcNewSource\gameSrc\Bussiness\Bussiness\ServiceBussiness.cs:line 314
14:32:33,638 - [MAIN] - ERROR - Bussiness.GameProperties - Cannot find server property RuneLevelUpExp,keep it default value!
14:32:33,638 - [MAIN] - ERROR - Bussiness.BaseBussiness - GetServerConfig
System.NullReferenceException: Object reference not set to an instance of an object.
   at Bussiness.ServiceBussiness.GetServerPropertyByKey(String key) in C:\GunnyKyUcNewSource\GunnyKyUcNewSource\gameSrc\Bussiness\Bussiness\ServiceBussiness.cs:line 314
14:32:33,638 - [MAIN] - ERROR - Bussiness.GameProperties - Cannot find server property RunePackageID,keep it default value!
14:32:33,638 - [MAIN] - ERROR - Bussiness.BaseBussiness - GetServerConfig
System.NullReferenceException: Object reference not set to an instance of an object.
   at Bussiness.ServiceBussiness.GetServerPropertyByKey(String key) in C:\GunnyKyUcNewSource\GunnyKyUcNewSource\gameSrc\Bussiness\Bussiness\ServiceBussiness.cs:line 314
14:32:33,638 - [MAIN] - ERROR - Bussiness.GameProperties - Cannot find server property SearchGoodsFreeCount,keep it default value!
14:32:33,638 - [MAIN] - ERROR - Bussiness.BaseBussiness - GetServerConfig
System.NullReferenceException: Object reference not set to an instance of an object.
   at Bussiness.ServiceBussiness.GetServerPropertyByKey(String key) in C:\GunnyKyUcNewSource\GunnyKyUcNewSource\gameSrc\Bussiness\Bussiness\ServiceBussiness.cs:line 314
14:32:33,638 - [MAIN] - ERROR - Bussiness.GameProperties - Cannot find server property SearchGoodsFreeLimit,keep it default value!
14:32:33,653 - [MAIN] - ERROR - Bussiness.BaseBussiness - GetServerConfig
System.NullReferenceException: Object reference not set to an instance of an object.
   at Bussiness.ServiceBussiness.GetServerPropertyByKey(String key) in C:\GunnyKyUcNewSource\GunnyKyUcNewSource\gameSrc\Bussiness\Bussiness\ServiceBussiness.cs:line 314
14:32:33,653 - [MAIN] - ERROR - Bussiness.GameProperties - Cannot find server property SearchGoodsPayMoney,keep it default value!
14:32:33,653 - [MAIN] - ERROR - Bussiness.BaseBussiness - GetServerConfig
System.NullReferenceException: Object reference not set to an instance of an object.
   at Bussiness.ServiceBussiness.GetServerPropertyByKey(String key) in C:\GunnyKyUcNewSource\GunnyKyUcNewSource\gameSrc\Bussiness\Bussiness\ServiceBussiness.cs:line 314
14:32:33,653 - [MAIN] - ERROR - Bussiness.GameProperties - Cannot find server property SearchGoodsTakeCardMoney,keep it default value!
14:32:33,653 - [MAIN] - ERROR - Bussiness.BaseBussiness - GetServerConfig
System.NullReferenceException: Object reference not set to an instance of an object.
   at Bussiness.ServiceBussiness.GetServerPropertyByKey(String key) in C:\GunnyKyUcNewSource\GunnyKyUcNewSource\gameSrc\Bussiness\Bussiness\ServiceBussiness.cs:line 314
14:32:33,653 - [MAIN] - ERROR - Bussiness.GameProperties - Cannot find server property SpaPriRoomContinueTime,keep it default value!
14:32:33,653 - [MAIN] - ERROR - Bussiness.BaseBussiness - GetServerConfig
System.NullReferenceException: Object reference not set to an instance of an object.
   at Bussiness.ServiceBussiness.GetServerPropertyByKey(String key) in C:\GunnyKyUcNewSource\GunnyKyUcNewSource\gameSrc\Bussiness\Bussiness\ServiceBussiness.cs:line 314
14:32:33,653 - [MAIN] - ERROR - Bussiness.GameProperties - Cannot find server property SpaPubRoomLoginPay,keep it default value!
14:32:33,653 - [MAIN] - ERROR - Bussiness.BaseBussiness - GetServerConfig
System.NullReferenceException: Object reference not set to an instance of an object.
   at Bussiness.ServiceBussiness.GetServerPropertyByKey(String key) in C:\GunnyKyUcNewSource\GunnyKyUcNewSource\gameSrc\Bussiness\Bussiness\ServiceBussiness.cs:line 314
14:32:33,669 - [MAIN] - ERROR - Bussiness.GameProperties - Cannot find server property TestActive,keep it default value!
14:32:33,669 - [MAIN] - ERROR - Bussiness.BaseBussiness - GetServerConfig
System.NullReferenceException: Object reference not set to an instance of an object.
   at Bussiness.ServiceBussiness.GetServerPropertyByKey(String key) in C:\GunnyKyUcNewSource\GunnyKyUcNewSource\gameSrc\Bussiness\Bussiness\ServiceBussiness.cs:line 314
14:32:33,669 - [MAIN] - ERROR - Bussiness.GameProperties - Cannot find server property VIPExpForEachLv,keep it default value!
14:32:33,669 - [MAIN] - ERROR - Bussiness.BaseBussiness - GetServerConfig
System.NullReferenceException: Object reference not set to an instance of an object.
   at Bussiness.ServiceBussiness.GetServerPropertyByKey(String key) in C:\GunnyKyUcNewSource\GunnyKyUcNewSource\gameSrc\Bussiness\Bussiness\ServiceBussiness.cs:line 314
14:32:33,669 - [MAIN] - ERROR - Bussiness.GameProperties - Cannot find server property VIPStrengthenEx,keep it default value!
14:32:33,669 - [MAIN] - ERROR - Bussiness.BaseBussiness - GetServerConfig
System.NullReferenceException: Object reference not set to an instance of an object.
   at Bussiness.ServiceBussiness.GetServerPropertyByKey(String key) in C:\GunnyKyUcNewSource\GunnyKyUcNewSource\gameSrc\Bussiness\Bussiness\ServiceBussiness.cs:line 314
14:32:33,669 - [MAIN] - ERROR - Bussiness.GameProperties - Cannot find server property VIPLevelGiftID,keep it default value!
14:32:33,669 - [MAIN] - ERROR - Bussiness.BaseBussiness - GetServerConfig
System.NullReferenceException: Object reference not set to an instance of an object.
   at Bussiness.ServiceBussiness.GetServerPropertyByKey(String key) in C:\GunnyKyUcNewSource\GunnyKyUcNewSource\gameSrc\Bussiness\Bussiness\ServiceBussiness.cs:line 314
14:32:33,669 - [MAIN] - ERROR - Bussiness.GameProperties - Cannot find server property VirtualName,keep it default value!
14:32:33,684 - [MAIN] - ERROR - Bussiness.BaseBussiness - GetServerConfig
System.NullReferenceException: Object reference not set to an instance of an object.
   at Bussiness.ServiceBussiness.GetServerPropertyByKey(String key) in C:\GunnyKyUcNewSource\GunnyKyUcNewSource\gameSrc\Bussiness\Bussiness\ServiceBussiness.cs:line 314
14:32:33,684 - [MAIN] - ERROR - Bussiness.GameProperties - Cannot find server property TimeForLeague,keep it default value!
14:32:33,684 - [MAIN] - ERROR - Bussiness.BaseBussiness - GetServerConfig
System.NullReferenceException: Object reference not set to an instance of an object.
   at Bussiness.ServiceBussiness.GetServerPropertyByKey(String key) in C:\GunnyKyUcNewSource\GunnyKyUcNewSource\gameSrc\Bussiness\Bussiness\ServiceBussiness.cs:line 314
14:32:33,684 - [MAIN] - ERROR - Bussiness.GameProperties - Cannot find server property GoldTimes,keep it default value!
14:32:33,684 - [MAIN] - ERROR - Bussiness.BaseBussiness - GetServerConfig
System.NullReferenceException: Object reference not set to an instance of an object.
   at Bussiness.ServiceBussiness.GetServerPropertyByKey(String key) in C:\GunnyKyUcNewSource\GunnyKyUcNewSource\gameSrc\Bussiness\Bussiness\ServiceBussiness.cs:line 314
14:32:33,684 - [MAIN] - ERROR - Bussiness.GameProperties - Cannot find server property AcademyMasterFreezeHours,keep it default value!
14:32:33,684 - [MAIN] - ERROR - Bussiness.BaseBussiness - GetServerConfig
System.NullReferenceException: Object reference not set to an instance of an object.
   at Bussiness.ServiceBussiness.GetServerPropertyByKey(String key) in C:\GunnyKyUcNewSource\GunnyKyUcNewSource\gameSrc\Bussiness\Bussiness\ServiceBussiness.cs:line 314
14:32:33,700 - [MAIN] - ERROR - Bussiness.GameProperties - Cannot find server property AcademyApprenticeFreezeHours,keep it default value!
14:32:33,700 - [MAIN] - ERROR - Bussiness.BaseBussiness - GetServerConfig
System.NullReferenceException: Object reference not set to an instance of an object.
   at Bussiness.ServiceBussiness.GetServerPropertyByKey(String key) in C:\GunnyKyUcNewSource\GunnyKyUcNewSource\gameSrc\Bussiness\Bussiness\ServiceBussiness.cs:line 314
14:32:33,700 - [MAIN] - ERROR - Bussiness.GameProperties - Cannot find server property AwardItemBox,keep it default value!
14:32:33,700 - [MAIN] - ERROR - Bussiness.BaseBussiness - GetServerConfig
System.NullReferenceException: Object reference not set to an instance of an object.
   at Bussiness.ServiceBussiness.GetServerPropertyByKey(String key) in C:\GunnyKyUcNewSource\GunnyKyUcNewSource\gameSrc\Bussiness\Bussiness\ServiceBussiness.cs:line 314
14:32:33,700 - [MAIN] - ERROR - Bussiness.GameProperties - Cannot find server property AwardItemBox,keep it default value!
14:32:33,700 - [MAIN] - ERROR - Bussiness.BaseBussiness - GetServerConfig
System.NullReferenceException: Object reference not set to an instance of an object.
   at Bussiness.ServiceBussiness.GetServerPropertyByKey(String key) in C:\GunnyKyUcNewSource\GunnyKyUcNewSource\gameSrc\Bussiness\Bussiness\ServiceBussiness.cs:line 314
14:32:33,700 - [MAIN] - ERROR - Bussiness.GameProperties - Cannot find server property AcademyApprenticeAward,keep it default value!
14:32:33,700 - [MAIN] - ERROR - Bussiness.BaseBussiness - GetServerConfig
System.NullReferenceException: Object reference not set to an instance of an object.
   at Bussiness.ServiceBussiness.GetServerPropertyByKey(String key) in C:\GunnyKyUcNewSource\GunnyKyUcNewSource\gameSrc\Bussiness\Bussiness\ServiceBussiness.cs:line 314
14:32:33,700 - [MAIN] - ERROR - Bussiness.GameProperties - Cannot find server property AcademyMasterAward,keep it default value!
14:32:33,716 - [MAIN] - ERROR - Bussiness.BaseBussiness - GetServerConfig
System.NullReferenceException: Object reference not set to an instance of an object.
   at Bussiness.ServiceBussiness.GetServerPropertyByKey(String key) in C:\GunnyKyUcNewSource\GunnyKyUcNewSource\gameSrc\Bussiness\Bussiness\ServiceBussiness.cs:line 314
14:32:33,716 - [MAIN] - ERROR - Bussiness.GameProperties - Cannot find server property AcademyAppAwardComplete,keep it default value!
14:32:33,716 - [MAIN] - ERROR - Bussiness.BaseBussiness - GetServerConfig
System.NullReferenceException: Object reference not set to an instance of an object.
   at Bussiness.ServiceBussiness.GetServerPropertyByKey(String key) in C:\GunnyKyUcNewSource\GunnyKyUcNewSource\gameSrc\Bussiness\Bussiness\ServiceBussiness.cs:line 314
14:32:33,716 - [MAIN] - ERROR - Bussiness.GameProperties - Cannot find server property AcademyMasAwardComplete,keep it default value!
14:32:33,716 - [MAIN] - ERROR - Bussiness.BaseBussiness - GetServerConfig
System.NullReferenceException: Object reference not set to an instance of an object.
   at Bussiness.ServiceBussiness.GetServerPropertyByKey(String key) in C:\GunnyKyUcNewSource\GunnyKyUcNewSource\gameSrc\Bussiness\Bussiness\ServiceBussiness.cs:line 314
14:32:33,716 - [MAIN] - ERROR - Bussiness.GameProperties - Cannot find server property AcademyMasterExpPlus,keep it default value!
14:32:33,716 - [MAIN] - ERROR - Bussiness.BaseBussiness - GetServerConfig
System.NullReferenceException: Object reference not set to an instance of an object.
   at Bussiness.ServiceBussiness.GetServerPropertyByKey(String key) in C:\GunnyKyUcNewSource\GunnyKyUcNewSource\gameSrc\Bussiness\Bussiness\ServiceBussiness.cs:line 314
14:32:33,716 - [MAIN] - ERROR - Bussiness.GameProperties - Cannot find server property LeftRouterRateData,keep it default value!
14:32:33,716 - [MAIN] - ERROR - Bussiness.BaseBussiness - GetServerConfig
System.NullReferenceException: Object reference not set to an instance of an object.
   at Bussiness.ServiceBussiness.GetServerPropertyByKey(String key) in C:\GunnyKyUcNewSource\GunnyKyUcNewSource\gameSrc\Bussiness\Bussiness\ServiceBussiness.cs:line 314
14:32:33,716 - [MAIN] - ERROR - Bussiness.GameProperties - Cannot find server property LeftRouterMaxDay,keep it default value!
14:32:33,731 - [MAIN] - ERROR - Bussiness.BaseBussiness - GetServerConfig
System.NullReferenceException: Object reference not set to an instance of an object.
   at Bussiness.ServiceBussiness.GetServerPropertyByKey(String key) in C:\GunnyKyUcNewSource\GunnyKyUcNewSource\gameSrc\Bussiness\Bussiness\ServiceBussiness.cs:line 314
14:32:33,731 - [MAIN] - ERROR - Bussiness.GameProperties - Cannot find server property LeftRouterEndDate,keep it default value!
14:32:33,731 - [MAIN] - ERROR - Bussiness.BaseBussiness - GetServerConfig
System.NullReferenceException: Object reference not set to an instance of an object.
   at Bussiness.ServiceBussiness.GetServerPropertyByKey(String key) in C:\GunnyKyUcNewSource\GunnyKyUcNewSource\gameSrc\Bussiness\Bussiness\ServiceBussiness.cs:line 314
14:32:33,731 - [MAIN] - ERROR - Bussiness.GameProperties - Cannot find server property EliteGameBlockWeapon,keep it default value!
14:32:33,731 - [MAIN] - ERROR - Bussiness.BaseBussiness - GetServerConfig
System.NullReferenceException: Object reference not set to an instance of an object.
   at Bussiness.ServiceBussiness.GetServerPropertyByKey(String key) in C:\GunnyKyUcNewSource\GunnyKyUcNewSource\gameSrc\Bussiness\Bussiness\ServiceBussiness.cs:line 314
14:32:33,731 - [MAIN] - ERROR - Bussiness.GameProperties - Cannot find server property EliteGameDayOpening,keep it default value!
14:32:33,731 - [MAIN] - ERROR - Bussiness.BaseBussiness - GetServerConfig
System.NullReferenceException: Object reference not set to an instance of an object.
   at Bussiness.ServiceBussiness.GetServerPropertyByKey(String key) in C:\GunnyKyUcNewSource\GunnyKyUcNewSource\gameSrc\Bussiness\Bussiness\ServiceBussiness.cs:line 314
14:32:33,731 - [MAIN] - ERROR - Bussiness.GameProperties - Cannot find server property FightLibAwardGift,keep it default value!
14:32:33,731 - [MAIN] - ERROR - Bussiness.BaseBussiness - GetServerConfig
System.NullReferenceException: Object reference not set to an instance of an object.
   at Bussiness.ServiceBussiness.GetServerPropertyByKey(String key) in C:\GunnyKyUcNewSource\GunnyKyUcNewSource\gameSrc\Bussiness\Bussiness\ServiceBussiness.cs:line 314
14:32:33,731 - [MAIN] - ERROR - Bussiness.GameProperties - Cannot find server property FightLibAwardExp,keep it default value!
14:32:33,747 - [MAIN] - ERROR - Bussiness.BaseBussiness - GetServerConfig
System.NullReferenceException: Object reference not set to an instance of an object.
   at Bussiness.ServiceBussiness.GetServerPropertyByKey(String key) in C:\GunnyKyUcNewSource\GunnyKyUcNewSource\gameSrc\Bussiness\Bussiness\ServiceBussiness.cs:line 314
14:32:33,747 - [MAIN] - ERROR - Bussiness.GameProperties - Cannot find server property MissionRiches,keep it default value!
14:32:33,747 - [MAIN] - ERROR - Bussiness.BaseBussiness - GetServerConfig
System.NullReferenceException: Object reference not set to an instance of an object.
   at Bussiness.ServiceBussiness.GetServerPropertyByKey(String key) in C:\GunnyKyUcNewSource\GunnyKyUcNewSource\gameSrc\Bussiness\Bussiness\ServiceBussiness.cs:line 314
14:32:33,747 - [MAIN] - ERROR - Bussiness.GameProperties - Cannot find server property MissionAwardRiches,keep it default value!
14:32:33,747 - [MAIN] - ERROR - Bussiness.BaseBussiness - GetServerConfig
System.NullReferenceException: Object reference not set to an instance of an object.
   at Bussiness.ServiceBussiness.GetServerPropertyByKey(String key) in C:\GunnyKyUcNewSource\GunnyKyUcNewSource\gameSrc\Bussiness\Bussiness\ServiceBussiness.cs:line 314
14:32:33,747 - [MAIN] - ERROR - Bussiness.GameProperties - Cannot find server property MissionAwardGP,keep it default value!
14:32:33,747 - [MAIN] - ERROR - Bussiness.BaseBussiness - GetServerConfig
System.NullReferenceException: Object reference not set to an instance of an object.
   at Bussiness.ServiceBussiness.GetServerPropertyByKey(String key) in C:\GunnyKyUcNewSource\GunnyKyUcNewSource\gameSrc\Bussiness\Bussiness\ServiceBussiness.cs:line 314
14:32:33,747 - [MAIN] - ERROR - Bussiness.GameProperties - Cannot find server property MissionAwardOffer,keep it default value!
14:32:33,747 - [MAIN] - ERROR - Bussiness.BaseBussiness - GetServerConfig
System.NullReferenceException: Object reference not set to an instance of an object.
   at Bussiness.ServiceBussiness.GetServerPropertyByKey(String key) in C:\GunnyKyUcNewSource\GunnyKyUcNewSource\gameSrc\Bussiness\Bussiness\ServiceBussiness.cs:line 314
14:32:33,747 - [MAIN] - ERROR - Bussiness.GameProperties - Cannot find server property MissionMinute,keep it default value!
14:32:33,763 - [MAIN] - ERROR - Bussiness.BaseBussiness - GetServerConfig
System.NullReferenceException: Object reference not set to an instance of an object.
   at Bussiness.ServiceBussiness.GetServerPropertyByKey(String key) in C:\GunnyKyUcNewSource\GunnyKyUcNewSource\gameSrc\Bussiness\Bussiness\ServiceBussiness.cs:line 314
14:32:33,763 - [MAIN] - ERROR - Bussiness.GameProperties - Cannot find server property MissionBuffDay,keep it default value!
14:32:33,763 - [MAIN] - ERROR - Bussiness.BaseBussiness - GetServerConfig
System.NullReferenceException: Object reference not set to an instance of an object.
   at Bussiness.ServiceBussiness.GetServerPropertyByKey(String key) in C:\GunnyKyUcNewSource\GunnyKyUcNewSource\gameSrc\Bussiness\Bussiness\ServiceBussiness.cs:line 314
14:32:33,763 - [MAIN] - ERROR - Bussiness.GameProperties - Cannot find server property InlayGoldPrice,keep it default value!
14:32:33,763 - [MAIN] - ERROR - Bussiness.BaseBussiness - GetServerConfig
System.NullReferenceException: Object reference not set to an instance of an object.
   at Bussiness.ServiceBussiness.GetServerPropertyByKey(String key) in C:\GunnyKyUcNewSource\GunnyKyUcNewSource\gameSrc\Bussiness\Bussiness\ServiceBussiness.cs:line 314
14:32:33,763 - [MAIN] - ERROR - Bussiness.GameProperties - Cannot find server property WantTryAgainValues,keep it default value!
14:32:33,763 - [MAIN] - ERROR - Bussiness.BaseBussiness - GetServerConfig
System.NullReferenceException: Object reference not set to an instance of an object.
   at Bussiness.ServiceBussiness.GetServerPropertyByKey(String key) in C:\GunnyKyUcNewSource\GunnyKyUcNewSource\gameSrc\Bussiness\Bussiness\ServiceBussiness.cs:line 314
14:32:33,763 - [MAIN] - ERROR - Bussiness.GameProperties - Cannot find server property FastGrowNeedMoney,keep it default value!
14:32:33,763 - [MAIN] - ERROR - Bussiness.BaseBussiness - GetServerConfig
System.NullReferenceException: Object reference not set to an instance of an object.
   at Bussiness.ServiceBussiness.GetServerPropertyByKey(String key) in C:\GunnyKyUcNewSource\GunnyKyUcNewSource\gameSrc\Bussiness\Bussiness\ServiceBussiness.cs:line 314
14:32:33,763 - [MAIN] - ERROR - Bussiness.GameProperties - Cannot find server property FastGrowSubTime,keep it default value!
14:32:33,778 - [MAIN] - ERROR - Bussiness.BaseBussiness - GetServerConfig
System.NullReferenceException: Object reference not set to an instance of an object.
   at Bussiness.ServiceBussiness.GetServerPropertyByKey(String key) in C:\GunnyKyUcNewSource\GunnyKyUcNewSource\gameSrc\Bussiness\Bussiness\ServiceBussiness.cs:line 314
14:32:33,778 - [MAIN] - ERROR - Bussiness.GameProperties - Cannot find server property SanXiaoStartTime,keep it default value!
14:32:33,778 - [MAIN] - ERROR - Bussiness.BaseBussiness - GetServerConfig
System.NullReferenceException: Object reference not set to an instance of an object.
   at Bussiness.ServiceBussiness.GetServerPropertyByKey(String key) in C:\GunnyKyUcNewSource\GunnyKyUcNewSource\gameSrc\Bussiness\Bussiness\ServiceBussiness.cs:line 314
14:32:33,778 - [MAIN] - ERROR - Bussiness.GameProperties - Cannot find server property SanXiaoEndTime,keep it default value!
14:32:33,778 - [MAIN] - ERROR - Bussiness.BaseBussiness - GetServerConfig
System.NullReferenceException: Object reference not set to an instance of an object.
   at Bussiness.ServiceBussiness.GetServerPropertyByKey(String key) in C:\GunnyKyUcNewSource\GunnyKyUcNewSource\gameSrc\Bussiness\Bussiness\ServiceBussiness.cs:line 314
14:32:33,778 - [MAIN] - ERROR - Bussiness.GameProperties - Cannot find server property GodCardOpenOneTimeMoney,keep it default value!
14:32:33,778 - [MAIN] - ERROR - Bussiness.BaseBussiness - GetServerConfig
System.NullReferenceException: Object reference not set to an instance of an object.
   at Bussiness.ServiceBussiness.GetServerPropertyByKey(String key) in C:\GunnyKyUcNewSource\GunnyKyUcNewSource\gameSrc\Bussiness\Bussiness\ServiceBussiness.cs:line 314
14:32:33,778 - [MAIN] - ERROR - Bussiness.GameProperties - Cannot find server property GodCardOpenFiveTimeMoney,keep it default value!
14:32:33,794 - [MAIN] - ERROR - Bussiness.BaseBussiness - GetServerConfig
System.NullReferenceException: Object reference not set to an instance of an object.
   at Bussiness.ServiceBussiness.GetServerPropertyByKey(String key) in C:\GunnyKyUcNewSource\GunnyKyUcNewSource\gameSrc\Bussiness\Bussiness\ServiceBussiness.cs:line 314
14:32:33,794 - [MAIN] - ERROR - Bussiness.GameProperties - Cannot find server property ThreeCleanBuyCost,keep it default value!
14:32:33,794 - [MAIN] - ERROR - Bussiness.BaseBussiness - GetServerConfig
System.NullReferenceException: Object reference not set to an instance of an object.
   at Bussiness.ServiceBussiness.GetServerPropertyByKey(String key) in C:\GunnyKyUcNewSource\GunnyKyUcNewSource\gameSrc\Bussiness\Bussiness\ServiceBussiness.cs:line 314
14:32:33,794 - [MAIN] - ERROR - Bussiness.GameProperties - Cannot find server property ThreeClearColourChangeCost,keep it default value!
14:32:33,794 - [MAIN] - ERROR - Bussiness.BaseBussiness - GetServerConfig
System.NullReferenceException: Object reference not set to an instance of an object.
   at Bussiness.ServiceBussiness.GetServerPropertyByKey(String key) in C:\GunnyKyUcNewSource\GunnyKyUcNewSource\gameSrc\Bussiness\Bussiness\ServiceBussiness.cs:line 314
14:32:33,794 - [MAIN] - ERROR - Bussiness.GameProperties - Cannot find server property ThreeClearColourChangePoint,keep it default value!
14:32:33,794 - [MAIN] - ERROR - Bussiness.BaseBussiness - GetServerConfig
System.NullReferenceException: Object reference not set to an instance of an object.
   at Bussiness.ServiceBussiness.GetServerPropertyByKey(String key) in C:\GunnyKyUcNewSource\GunnyKyUcNewSource\gameSrc\Bussiness\Bussiness\ServiceBussiness.cs:line 314
14:32:33,794 - [MAIN] - ERROR - Bussiness.GameProperties - Cannot find server property ThreeClearColourCleanCost,keep it default value!
14:32:33,809 - [MAIN] - ERROR - Bussiness.BaseBussiness - GetServerConfig
System.NullReferenceException: Object reference not set to an instance of an object.
   at Bussiness.ServiceBussiness.GetServerPropertyByKey(String key) in C:\GunnyKyUcNewSource\GunnyKyUcNewSource\gameSrc\Bussiness\Bussiness\ServiceBussiness.cs:line 314
14:32:33,809 - [MAIN] - ERROR - Bussiness.GameProperties - Cannot find server property ThreeClearColourCleanPoint,keep it default value!
14:32:33,809 - [MAIN] - ERROR - Bussiness.BaseBussiness - GetServerConfig
System.NullReferenceException: Object reference not set to an instance of an object.
   at Bussiness.ServiceBussiness.GetServerPropertyByKey(String key) in C:\GunnyKyUcNewSource\GunnyKyUcNewSource\gameSrc\Bussiness\Bussiness\ServiceBussiness.cs:line 314
14:32:33,809 - [MAIN] - ERROR - Bussiness.GameProperties - Cannot find server property ThreeClearCrossCost,keep it default value!
14:32:33,809 - [MAIN] - ERROR - Bussiness.BaseBussiness - GetServerConfig
System.NullReferenceException: Object reference not set to an instance of an object.
   at Bussiness.ServiceBussiness.GetServerPropertyByKey(String key) in C:\GunnyKyUcNewSource\GunnyKyUcNewSource\gameSrc\Bussiness\Bussiness\ServiceBussiness.cs:line 314
14:32:33,809 - [MAIN] - ERROR - Bussiness.GameProperties - Cannot find server property ThreeClearCrossPoint,keep it default value!
14:32:33,809 - [MAIN] - ERROR - Bussiness.BaseBussiness - GetServerConfig
System.NullReferenceException: Object reference not set to an instance of an object.
   at Bussiness.ServiceBussiness.GetServerPropertyByKey(String key) in C:\GunnyKyUcNewSource\GunnyKyUcNewSource\gameSrc\Bussiness\Bussiness\ServiceBussiness.cs:line 314
14:32:33,825 - [MAIN] - ERROR - Bussiness.GameProperties - Cannot find server property ThreeCleanAwardBox,keep it default value!
14:32:33,825 - [MAIN] - ERROR - Bussiness.BaseBussiness - GetServerConfig
System.NullReferenceException: Object reference not set to an instance of an object.
   at Bussiness.ServiceBussiness.GetServerPropertyByKey(String key) in C:\GunnyKyUcNewSource\GunnyKyUcNewSource\gameSrc\Bussiness\Bussiness\ServiceBussiness.cs:line 314
14:32:33,825 - [MAIN] - ERROR - Bussiness.GameProperties - Cannot find server property ThreeClearRectCost,keep it default value!
14:32:33,825 - [MAIN] - ERROR - Bussiness.BaseBussiness - GetServerConfig
System.NullReferenceException: Object reference not set to an instance of an object.
   at Bussiness.ServiceBussiness.GetServerPropertyByKey(String key) in C:\GunnyKyUcNewSource\GunnyKyUcNewSource\gameSrc\Bussiness\Bussiness\ServiceBussiness.cs:line 314
14:32:33,825 - [MAIN] - ERROR - Bussiness.GameProperties - Cannot find server property ThreeClearRectPoint,keep it default value!
14:32:33,825 - [MAIN] - ERROR - Bussiness.BaseBussiness - GetServerConfig
System.NullReferenceException: Object reference not set to an instance of an object.
   at Bussiness.ServiceBussiness.GetServerPropertyByKey(String key) in C:\GunnyKyUcNewSource\GunnyKyUcNewSource\gameSrc\Bussiness\Bussiness\ServiceBussiness.cs:line 314
14:32:33,825 - [MAIN] - ERROR - Bussiness.GameProperties - Cannot find server property CryptBossOpenDay,keep it default value!
14:32:33,825 - [MAIN] - ERROR - Bussiness.BaseBussiness - GetServerConfig
System.NullReferenceException: Object reference not set to an instance of an object.
   at Bussiness.ServiceBussiness.GetServerPropertyByKey(String key) in C:\GunnyKyUcNewSource\GunnyKyUcNewSource\gameSrc\Bussiness\Bussiness\ServiceBussiness.cs:line 314
14:32:33,825 - [MAIN] - ERROR - Bussiness.GameProperties - Cannot find server property HappyRechargeEndDate,keep it default value!
14:32:33,825 - [MAIN] - ERROR - Bussiness.BaseBussiness - GetServerConfig
System.NullReferenceException: Object reference not set to an instance of an object.
   at Bussiness.ServiceBussiness.GetServerPropertyByKey(String key) in C:\GunnyKyUcNewSource\GunnyKyUcNewSource\gameSrc\Bussiness\Bussiness\ServiceBussiness.cs:line 314
14:32:33,841 - [MAIN] - ERROR - Bussiness.GameProperties - Cannot find server property HappyRechargeBeginDate,keep it default value!
14:32:33,841 - [MAIN] - ERROR - Bussiness.BaseBussiness - GetServerConfig
System.NullReferenceException: Object reference not set to an instance of an object.
   at Bussiness.ServiceBussiness.GetServerPropertyByKey(String key) in C:\GunnyKyUcNewSource\GunnyKyUcNewSource\gameSrc\Bussiness\Bussiness\ServiceBussiness.cs:line 314
14:32:33,841 - [MAIN] - ERROR - Bussiness.GameProperties - Cannot find server property HappyRechargeOpenClose,keep it default value!
14:32:33,841 - [MAIN] - ERROR - Bussiness.BaseBussiness - GetServerConfig
System.NullReferenceException: Object reference not set to an instance of an object.
   at Bussiness.ServiceBussiness.GetServerPropertyByKey(String key) in C:\GunnyKyUcNewSource\GunnyKyUcNewSource\gameSrc\Bussiness\Bussiness\ServiceBussiness.cs:line 314
14:32:33,841 - [MAIN] - ERROR - Bussiness.GameProperties - Cannot find server property YearMonsterBuffMoney,keep it default value!
14:32:33,841 - [MAIN] - ERROR - Bussiness.BaseBussiness - GetServerConfig
System.NullReferenceException: Object reference not set to an instance of an object.
   at Bussiness.ServiceBussiness.GetServerPropertyByKey(String key) in C:\GunnyKyUcNewSource\GunnyKyUcNewSource\gameSrc\Bussiness\Bussiness\ServiceBussiness.cs:line 314
14:32:33,841 - [MAIN] - ERROR - Bussiness.GameProperties - Cannot find server property YearMonsterBoxInfo,keep it default value!
14:32:33,856 - [MAIN] - ERROR - Bussiness.BaseBussiness - GetServerConfig
System.NullReferenceException: Object reference not set to an instance of an object.
   at Bussiness.ServiceBussiness.GetServerPropertyByKey(String key) in C:\GunnyKyUcNewSource\GunnyKyUcNewSource\gameSrc\Bussiness\Bussiness\ServiceBussiness.cs:line 314
14:32:33,856 - [MAIN] - ERROR - Bussiness.GameProperties - Cannot find server property YearMonsterFightNum,keep it default value!
14:32:33,856 - [MAIN] - ERROR - Bussiness.BaseBussiness - GetServerConfig
System.NullReferenceException: Object reference not set to an instance of an object.
   at Bussiness.ServiceBussiness.GetServerPropertyByKey(String key) in C:\GunnyKyUcNewSource\GunnyKyUcNewSource\gameSrc\Bussiness\Bussiness\ServiceBussiness.cs:line 314
14:32:33,856 - [MAIN] - ERROR - Bussiness.GameProperties - Cannot find server property YearMonsterEndDate,keep it default value!
14:32:33,856 - [MAIN] - ERROR - Bussiness.BaseBussiness - GetServerConfig
System.NullReferenceException: Object reference not set to an instance of an object.
   at Bussiness.ServiceBussiness.GetServerPropertyByKey(String key) in C:\GunnyKyUcNewSource\GunnyKyUcNewSource\gameSrc\Bussiness\Bussiness\ServiceBussiness.cs:line 314
14:32:33,856 - [MAIN] - ERROR - Bussiness.GameProperties - Cannot find server property GiftExpForEachLv,keep it default value!
14:32:33,856 - [MAIN] - ERROR - Bussiness.BaseBussiness - GetServerConfig
System.NullReferenceException: Object reference not set to an instance of an object.
   at Bussiness.ServiceBussiness.GetServerPropertyByKey(String key) in C:\GunnyKyUcNewSource\GunnyKyUcNewSource\gameSrc\Bussiness\Bussiness\ServiceBussiness.cs:line 314
14:32:33,856 - [MAIN] - ERROR - Bussiness.GameProperties - Cannot find server property FightSpiritLevelAddDamage,keep it default value!
14:32:33,856 - [MAIN] - ERROR - Bussiness.BaseBussiness - GetServerConfig
System.NullReferenceException: Object reference not set to an instance of an object.
   at Bussiness.ServiceBussiness.GetServerPropertyByKey(String key) in C:\GunnyKyUcNewSource\GunnyKyUcNewSource\gameSrc\Bussiness\Bussiness\ServiceBussiness.cs:line 314
14:32:33,856 - [MAIN] - ERROR - Bussiness.GameProperties - Cannot find server property FightSpiritMaxLevel,keep it default value!
14:32:33,856 - [MAIN] - ERROR - Bussiness.BaseBussiness - GetServerConfig
System.NullReferenceException: Object reference not set to an instance of an object.
   at Bussiness.ServiceBussiness.GetServerPropertyByKey(String key) in C:\GunnyKyUcNewSource\GunnyKyUcNewSource\gameSrc\Bussiness\Bussiness\ServiceBussiness.cs:line 314
14:32:33,872 - [MAIN] - ERROR - Bussiness.GameProperties - Cannot find server property ClientVersion,keep it default value!
14:32:33,872 - [MAIN] - ERROR - Bussiness.BaseBussiness - GetServerConfig
System.NullReferenceException: Object reference not set to an instance of an object.
   at Bussiness.ServiceBussiness.GetServerPropertyByKey(String key) in C:\GunnyKyUcNewSource\GunnyKyUcNewSource\gameSrc\Bussiness\Bussiness\ServiceBussiness.cs:line 314
14:32:33,872 - [MAIN] - ERROR - Bussiness.GameProperties - Cannot find server property TimeWaitToReJoinConsortia,keep it default value!
14:32:33,872 - [MAIN] - ERROR - Bussiness.BaseBussiness - GetServerConfig
System.NullReferenceException: Object reference not set to an instance of an object.
   at Bussiness.ServiceBussiness.GetServerPropertyByKey(String key) in C:\GunnyKyUcNewSource\GunnyKyUcNewSource\gameSrc\Bussiness\Bussiness\ServiceBussiness.cs:line 314
14:32:33,872 - [MAIN] - ERROR - Bussiness.GameProperties - Cannot find server property TimeForBxh1vs1,keep it default value!
14:32:33,872 - [MAIN] - ERROR - Bussiness.BaseBussiness - GetServerConfig
System.NullReferenceException: Object reference not set to an instance of an object.
   at Bussiness.ServiceBussiness.GetServerPropertyByKey(String key) in C:\GunnyKyUcNewSource\GunnyKyUcNewSource\gameSrc\Bussiness\Bussiness\ServiceBussiness.cs:line 314
14:32:33,872 - [MAIN] - ERROR - Bussiness.GameProperties - Cannot find server property LittleGameBoguConfig,keep it default value!
14:32:33,888 - [MAIN] - ERROR - Bussiness.BaseBussiness - GetServerConfig
System.NullReferenceException: Object reference not set to an instance of an object.
   at Bussiness.ServiceBussiness.GetServerPropertyByKey(String key) in C:\GunnyKyUcNewSource\GunnyKyUcNewSource\gameSrc\Bussiness\Bussiness\ServiceBussiness.cs:line 314
14:32:33,888 - [MAIN] - ERROR - Bussiness.GameProperties - Cannot find server property LittleGameMaxBoguCount,keep it default value!
14:32:33,888 - [MAIN] - ERROR - Bussiness.BaseBussiness - GetServerConfig
System.NullReferenceException: Object reference not set to an instance of an object.
   at Bussiness.ServiceBussiness.GetServerPropertyByKey(String key) in C:\GunnyKyUcNewSource\GunnyKyUcNewSource\gameSrc\Bussiness\Bussiness\ServiceBussiness.cs:line 314
14:32:33,888 - [MAIN] - ERROR - Bussiness.GameProperties - Cannot find server property LittleGameStartHourse,keep it default value!
14:32:33,888 - [MAIN] - ERROR - Bussiness.BaseBussiness - GetServerConfig
System.NullReferenceException: Object reference not set to an instance of an object.
   at Bussiness.ServiceBussiness.GetServerPropertyByKey(String key) in C:\GunnyKyUcNewSource\GunnyKyUcNewSource\gameSrc\Bussiness\Bussiness\ServiceBussiness.cs:line 314
14:32:33,888 - [MAIN] - ERROR - Bussiness.GameProperties - Cannot find server property LittleGameTimeSpendingHours,keep it default value!
14:32:33,888 - [MAIN] - ERROR - Bussiness.BaseBussiness - GetServerConfig
System.NullReferenceException: Object reference not set to an instance of an object.
   at Bussiness.ServiceBussiness.GetServerPropertyByKey(String key) in C:\GunnyKyUcNewSource\GunnyKyUcNewSource\gameSrc\Bussiness\Bussiness\ServiceBussiness.cs:line 314
14:32:33,888 - [MAIN] - ERROR - Bussiness.GameProperties - Cannot find server property GuildBattleStartTime,keep it default value!
14:32:33,888 - [MAIN] - ERROR - Bussiness.BaseBussiness - GetServerConfig
System.NullReferenceException: Object reference not set to an instance of an object.
   at Bussiness.ServiceBussiness.GetServerPropertyByKey(String key) in C:\GunnyKyUcNewSource\GunnyKyUcNewSource\gameSrc\Bussiness\Bussiness\ServiceBussiness.cs:line 314
14:32:33,888 - [MAIN] - ERROR - Bussiness.GameProperties - Cannot find server property QiYuanEndTime,keep it default value!
14:32:33,903 - [MAIN] - ERROR - Bussiness.BaseBussiness - GetServerConfig
System.NullReferenceException: Object reference not set to an instance of an object.
   at Bussiness.ServiceBussiness.GetServerPropertyByKey(String key) in C:\GunnyKyUcNewSource\GunnyKyUcNewSource\gameSrc\Bussiness\Bussiness\ServiceBussiness.cs:line 314
14:32:33,903 - [MAIN] - ERROR - Bussiness.GameProperties - Cannot find server property QiYuanJoinLeastOfferTimes,keep it default value!
14:32:33,903 - [MAIN] - ERROR - Bussiness.BaseBussiness - GetServerConfig
System.NullReferenceException: Object reference not set to an instance of an object.
   at Bussiness.ServiceBussiness.GetServerPropertyByKey(String key) in C:\GunnyKyUcNewSource\GunnyKyUcNewSource\gameSrc\Bussiness\Bussiness\Serv