19:04:26,053 - [MAIN] - INFO  - Bussiness.GameProperties - Refreshing game properties!
19:04:26,075 - [MAIN] - INFO  - Game.Server.GameServer - Recompile Scripts: True
19:04:26,076 - [MAIN] - INFO  - Game.Server.GameServer - ConsortiaLevelMgr Init: True
19:04:26,077 - [MAIN] - INFO  - Game.Server.GameServer - Server rules: true
19:04:26,113 - [MAIN] - INFO  - Game.Server.GameServer - Registering global event handlers: true
19:04:26,113 - [MAIN] - INFO  - Game.Server.GameServer - Script components: True
19:04:26,113 - [MAIN] - INFO  - Game.Server.GameServer - Edition: 2612558: True
19:04:26,115 - [MAIN] - INFO  - Game.Server.GameServer - InitSocket Port: 9200: True
19:04:26,205 - [MAIN] - INFO  - Game.Server.GameServer - AllocatePacketBuffers(): True
19:04:26,208 - [MAIN] - INFO  - Game.Server.GameServer - LogMgr Init: True
19:04:26,337 - [MAIN] - INFO  - Game.Server.GameServer - WorldMgr Init: True
19:04:26,362 - [MAIN] - ERROR - Game.Logic.MapMgr - Map's file70063 is not exist!
19:04:26,362 - [MAIN] - ERROR - Game.Logic.MapMgr - Map's file70062 is not exist!
19:04:26,363 - [MAIN] - ERROR - Game.Logic.MapMgr - Map's file70061 is not exist!
19:04:26,363 - [MAIN] - ERROR - Game.Logic.MapMgr - Map's file70060 is not exist!
19:04:26,363 - [MAIN] - ERROR - Game.Logic.MapMgr - Map's file70041 is not exist!
19:04:26,363 - [MAIN] - ERROR - Game.Logic.MapMgr - Map's file70037 is not exist!
19:04:26,363 - [MAIN] - ERROR - Game.Logic.MapMgr - Map's file70033 is not exist!
19:04:26,363 - [MAIN] - ERROR - Game.Logic.MapMgr - Map's file70032 is not exist!
19:04:26,390 - [MAIN] - ERROR - Game.Logic.MapMgr - Map's file70021 is not exist!
19:04:26,391 - [MAIN] - ERROR - Game.Logic.MapMgr - Map's file40052 is not exist!
19:04:26,391 - [MAIN] - ERROR - Game.Logic.MapMgr - Map's file15004 is not exist!
19:04:26,642 - [MAIN] - ERROR - Game.Logic.MapMgr - Map's file1628 is not exist!
19:04:26,643 - [MAIN] - ERROR - Game.Logic.MapMgr - Map's file1620 is not exist!
19:04:29,638 - [MAIN] - INFO  - Game.Server.GameServer - MapMgr Init: True
19:04:29,912 - [MAIN] - INFO  - Game.Server.GameServer - ItemMgr Init: True
19:04:29,941 - [MAIN] - INFO  - Game.Server.GameServer - ItemBox Init: True
19:04:30,357 - [MAIN] - ERROR - Game.Logic.BallMgr - can't find bomb file:bomb\11426.bomb
19:04:30,358 - [MAIN] - ERROR - Game.Logic.BallMgr - can't find bomb file:bomb\11427.bomb
19:04:30,358 - [MAIN] - ERROR - Game.Logic.BallMgr - can't find bomb file:bomb\11428.bomb
19:04:30,358 - [MAIN] - ERROR - Game.Logic.BallMgr - can't find bomb file:bomb\11429.bomb
19:04:30,359 - [MAIN] - ERROR - Game.Logic.BallMgr - can't find bomb file:bomb\11430.bomb
19:04:30,359 - [MAIN] - ERROR - Game.Logic.BallMgr - can't find bomb file:bomb\11431.bomb
19:04:30,359 - [MAIN] - ERROR - Game.Logic.BallMgr - can't find bomb file:bomb\11432.bomb
19:04:30,360 - [MAIN] - ERROR - Game.Logic.BallMgr - can't find bomb file:bomb\11433.bomb
19:04:30,360 - [MAIN] - ERROR - Game.Logic.BallMgr - can't find bomb file:bomb\11434.bomb
19:04:30,363 - [MAIN] - ERROR - Game.Logic.BallMgr - can't find bomb file:bomb\11436.bomb
19:04:30,364 - [MAIN] - ERROR - Game.Logic.BallMgr - can't find bomb file:bomb\11437.bomb
19:04:30,364 - [MAIN] - ERROR - Game.Logic.BallMgr - can't find bomb file:bomb\11438.bomb
19:04:30,364 - [MAIN] - ERROR - Game.Logic.BallMgr - can't find bomb file:bomb\11439.bomb
19:04:30,364 - [MAIN] - ERROR - Game.Logic.BallMgr - can't find bomb file:bomb\11440.bomb
19:04:30,365 - [MAIN] - ERROR - Game.Logic.BallMgr - can't find bomb file:bomb\11441.bomb
19:04:30,365 - [MAIN] - ERROR - Game.Logic.BallMgr - can't find bomb file:bomb\11442.bomb
19:04:30,365 - [MAIN] - ERROR - Game.Logic.BallMgr - can't find bomb file:bomb\11443.bomb
19:04:30,365 - [MAIN] - ERROR - Game.Logic.BallMgr - can't find bomb file:bomb\11444.bomb
19:04:30,366 - [MAIN] - ERROR - Game.Logic.BallMgr - can't find bomb file:bomb\11445.bomb
19:04:30,366 - [MAIN] - ERROR - Game.Logic.BallMgr - can't find bomb file:bomb\11446.bomb
19:04:30,366 - [MAIN] - ERROR - Game.Logic.BallMgr - can't find bomb file:bomb\11447.bomb
19:04:30,366 - [MAIN] - ERROR - Game.Logic.BallMgr - can't find bomb file:bomb\11448.bomb
19:04:30,367 - [MAIN] - ERROR - Game.Logic.BallMgr - can't find bomb file:bomb\11449.bomb
19:04:30,368 - [MAIN] - ERROR - Game.Logic.BallMgr - can't find bomb file:bomb\11451.bomb
19:04:30,368 - [MAIN] - ERROR - Game.Logic.BallMgr - can't find bomb file:bomb\11452.bomb
19:04:30,368 - [MAIN] - ERROR - Game.Logic.BallMgr - can't find bomb file:bomb\11455.bomb
19:04:30,368 - [MAIN] - ERROR - Game.Logic.BallMgr - can't find bomb file:bomb\11456.bomb
19:04:30,369 - [MAIN] - ERROR - Game.Logic.BallMgr - can't find bomb file:bomb\11457.bomb
19:04:30,369 - [MAIN] - ERROR - Game.Logic.BallMgr - can't find bomb file:bomb\11458.bomb
19:04:30,369 - [MAIN] - ERROR - Game.Logic.BallMgr - can't find bomb file:bomb\11459.bomb
19:04:30,369 - [MAIN] - ERROR - Game.Logic.BallMgr - can't find bomb file:bomb\11460.bomb
19:04:30,370 - [MAIN] - ERROR - Game.Logic.BallMgr - can't find bomb file:bomb\11461.bomb
19:04:30,375 - [MAIN] - ERROR - Game.Logic.BallMgr - can't find bomb file:bomb\11463.bomb
19:04:30,382 - [MAIN] - ERROR - Game.Logic.BallMgr - can't find bomb file:bomb\11465.bomb
19:04:32,329 - [MAIN] - ERROR - Game.Logic.BallMgr - can't find bomb file:bomb\11422.bomb
19:04:32,330 - [MAIN] - ERROR - Game.Logic.BallMgr - can't find bomb file:bomb\11423.bomb
19:04:32,335 - [MAIN] - ERROR - Game.Logic.BallMgr - can't find bomb file:bomb\11425.bomb
19:04:32,620 - [MAIN] - ERROR - Game.Logic.BallMgr - can't find bomb file:bomb\13001.bomb
19:04:32,620 - [MAIN] - ERROR - Game.Logic.BallMgr - can't find bomb file:bomb\13101.bomb
19:04:32,620 - [MAIN] - ERROR - Game.Logic.BallMgr - can't find bomb file:bomb\13201.bomb
19:04:32,621 - [MAIN] - ERROR - Game.Logic.BallMgr - can't find bomb file:bomb\13301.bomb
19:04:32,621 - [MAIN] - ERROR - Game.Logic.BallMgr - can't find bomb file:bomb\13401.bomb
19:04:32,621 - [MAIN] - ERROR - Game.Logic.BallMgr - can't find bomb file:bomb\13102.bomb
19:04:32,621 - [MAIN] - ERROR - Game.Logic.BallMgr - can't find bomb file:bomb\132011.bomb
19:04:32,622 - [MAIN] - ERROR - Game.Logic.BallMgr - can't find bomb file:bomb\13302.bomb
19:04:32,622 - [MAIN] - ERROR - Game.Logic.BallMgr - can't find bomb file:bomb\13402.bomb
19:04:32,622 - [MAIN] - ERROR - Game.Logic.BallMgr - can't find bomb file:bomb\13002.bomb
19:04:32,622 - [MAIN] - ERROR - Game.Logic.BallMgr - can't find bomb file:bomb\13103.bomb
19:04:32,623 - [MAIN] - ERROR - Game.Logic.BallMgr - can't find bomb file:bomb\132012.bomb
19:04:32,623 - [MAIN] - ERROR - Game.Logic.BallMgr - can't find bomb file:bomb\13303.bomb
19:04:32,623 - [MAIN] - ERROR - Game.Logic.BallMgr - can't find bomb file:bomb\13403.bomb
19:04:32,623 - [MAIN] - ERROR - Game.Logic.BallMgr - can't find bomb file:bomb\13003.bomb
19:04:32,624 - [MAIN] - ERROR - Game.Logic.BallMgr - can't find bomb file:bomb\13104.bomb
19:04:32,624 - [MAIN] - ERROR - Game.Logic.BallMgr - can't find bomb file:bomb\13304.bomb
19:04:32,624 - [MAIN] - ERROR - Game.Logic.BallMgr - can't find bomb file:bomb\13404.bomb
19:04:32,624 - [MAIN] - ERROR - Game.Logic.BallMgr - can't find bomb file:bomb\130012.bomb
19:04:32,624 - [MAIN] - ERROR - Game.Logic.BallMgr - can't find bomb file:bomb\131012.bomb
19:04:32,625 - [MAIN] - ERROR - Game.Logic.BallMgr - can't find bomb file:bomb\13203.bomb
19:04:32,625 - [MAIN] - ERROR - Game.Logic.BallMgr - can't find bomb file:bomb\133012.bomb
19:04:32,625 - [MAIN] - ERROR - Game.Logic.BallMgr - can't find bomb file:bomb\134012.bomb
19:04:32,625 - [MAIN] - ERROR - Game.Logic.BallMgr - can't find bomb file:bomb\131022.bomb
19:04:32,626 - [MAIN] - ERROR - Game.Logic.BallMgr - can't find bomb file:bomb\132031.bomb
19:04:32,626 - [MAIN] - ERROR - Game.Logic.BallMgr - can't find bomb file:bomb\133022.bomb
19:04:32,626 - [MAIN] - ERROR - Game.Logic.BallMgr - can't find bomb file:bomb\134022.bomb
19:04:32,626 - [MAIN] - ERROR - Game.Logic.BallMgr - can't find bomb file:bomb\130022.bomb
19:04:32,626 - [MAIN] - ERROR - Game.Logic.BallMgr - can't find bomb file:bomb\131032.bomb
19:04:32,627 - [MAIN] - ERROR - Game.Logic.BallMgr - can't find bomb file:bomb\132032.bomb
19:04:32,627 - [MAIN] - ERROR - Game.Logic.BallMgr - can't find bomb file:bomb\133032.bomb
19:04:32,627 - [MAIN] - ERROR - Game.Logic.BallMgr - can't find bomb file:bomb\134032.bomb
19:04:32,627 - [MAIN] - ERROR - Game.Logic.BallMgr - can't find bomb file:bomb\130032.bomb
19:04:32,628 - [MAIN] - ERROR - Game.Logic.BallMgr - can't find bomb file:bomb\131042.bomb
19:04:32,628 - [MAIN] - ERROR - Game.Logic.BallMgr - can't find bomb file:bomb\133042.bomb
19:04:32,628 - [MAIN] - ERROR - Game.Logic.BallMgr - can't find bomb file:bomb\134042.bomb
19:04:32,628 - [MAIN] - ERROR - Game.Logic.BallMgr - can't find bomb file:bomb\130011.bomb
19:04:32,629 - [MAIN] - ERROR - Game.Logic.BallMgr - can't find bomb file:bomb\131011.bomb
19:04:32,630 - [MAIN] - ERROR - Game.Logic.BallMgr - can't find bomb file:bomb\13202.bomb
19:04:32,630 - [MAIN] - ERROR - Game.Logic.BallMgr - can't find bomb file:bomb\133011.bomb
19:04:32,630 - [MAIN] - ERROR - Game.Logic.BallMgr - can't find bomb file:bomb\134011.bomb
19:04:32,630 - [MAIN] - ERROR - Game.Logic.BallMgr - can't find bomb file:bomb\131021.bomb
19:04:32,631 - [MAIN] - ERROR - Game.Logic.BallMgr - can't find bomb file:bomb\132021.bomb
19:04:32,631 - [MAIN] - ERROR - Game.Logic.BallMgr - can't find bomb file:bomb\133021.bomb
19:04:32,631 - [MAIN] - ERROR - Game.Logic.BallMgr - can't find bomb file:bomb\134021.bomb
19:04:32,631 - [MAIN] - ERROR - Game.Logic.BallMgr - can't find bomb file:bomb\130021.bomb
19:04:32,631 - [MAIN] - ERROR - Game.Logic.BallMgr - can't find bomb file:bomb\131031.bomb
19:04:32,632 - [MAIN] - ERROR - Game.Logic.BallMgr - can't find bomb file:bomb\132022.bomb
19:04:32,632 - [MAIN] - ERROR - Game.Logic.BallMgr - can't find bomb file:bomb\133031.bomb
19:04:32,632 - [MAIN] - ERROR - Game.Logic.BallMgr - can't find bomb file:bomb\134031.bomb
19:04:32,632 - [MAIN] - ERROR - Game.Logic.BallMgr - can't find bomb file:bomb\130031.bomb
19:04:32,633 - [MAIN] - ERROR - Game.Logic.BallMgr - can't find bomb file:bomb\131041.bomb
19:04:32,633 - [MAIN] - ERROR - Game.Logic.BallMgr - can't find bomb file:bomb\133041.bomb
19:04:32,633 - [MAIN] - ERROR - Game.Logic.BallMgr - can't find bomb file:bomb\134041.bomb
19:04:32,633 - [MAIN] - ERROR - Game.Logic.BallMgr - can't find bomb file:bomb\130013.bomb
19:04:32,633 - [MAIN] - ERROR - Game.Logic.BallMgr - can't find bomb file:bomb\131013.bomb
19:04:32,634 - [MAIN] - ERROR - Game.Logic.BallMgr - can't find bomb file:bomb\132013.bomb
19:04:32,634 - [MAIN] - ERROR - Game.Logic.BallMgr - can't find bomb file:bomb\133013.bomb
19:04:32,634 - [MAIN] - ERROR - Game.Logic.BallMgr - can't find bomb file:bomb\134013.bomb
19:04:32,634 - [MAIN] - ERROR - Game.Logic.BallMgr - can't find bomb file:bomb\131023.bomb
19:04:32,635 - [MAIN] - ERROR - Game.Logic.BallMgr - can't find bomb file:bomb\132023.bomb
19:04:32,635 - [MAIN] - ERROR - Game.Logic.BallMgr - can't find bomb file:bomb\133023.bomb
19:04:32,635 - [MAIN] - ERROR - Game.Logic.BallMgr - can't find bomb file:bomb\134023.bomb
19:04:32,635 - [MAIN] - ERROR - Game.Logic.BallMgr - can't find bomb file:bomb\130023.bomb
19:04:32,636 - [MAIN] - ERROR - Game.Logic.BallMgr - can't find bomb file:bomb\131033.bomb
19:04:32,636 - [MAIN] - ERROR - Game.Logic.BallMgr - can't find bomb file:bomb\132033.bomb
19:04:32,636 - [MAIN] - ERROR - Game.Logic.BallMgr - can't find bomb file:bomb\133033.bomb
19:04:32,636 - [MAIN] - ERROR - Game.Logic.BallMgr - can't find bomb file:bomb\134033.bomb
19:04:32,636 - [MAIN] - ERROR - Game.Logic.BallMgr - can't find bomb file:bomb\130033.bomb
19:04:32,637 - [MAIN] - ERROR - Game.Logic.BallMgr - can't find bomb file:bomb\131043.bomb
19:04:32,637 - [MAIN] - ERROR - Game.Logic.BallMgr - can't find bomb file:bomb\132043.bomb
19:04:32,637 - [MAIN] - ERROR - Game.Logic.BallMgr - can't find bomb file:bomb\133043.bomb
19:04:32,637 - [MAIN] - ERROR - Game.Logic.BallMgr - can't find bomb file:bomb\134043.bomb
19:04:32,638 - [MAIN] - ERROR - Game.Logic.BallMgr - can't find bomb file:bomb\11466.bomb
19:04:32,639 - [MAIN] - ERROR - Game.Logic.BallMgr - can't find bomb file:bomb\11469.bomb
19:04:32,639 - [MAIN] - ERROR - Game.Logic.BallMgr - can't find bomb file:bomb\11470.bomb
19:04:32,639 - [MAIN] - ERROR - Game.Logic.BallMgr - can't find bomb file:bomb\11471.bomb
19:04:32,639 - [MAIN] - ERROR - Game.Logic.BallMgr - can't find bomb file:bomb\11472.bomb
19:04:32,640 - [MAIN] - ERROR - Game.Logic.BallMgr - can't find bomb file:bomb\11473.bomb
19:04:32,640 - [MAIN] - ERROR - Game.Logic.BallMgr - can't find bomb file:bomb\11479.bomb
19:04:32,640 - [MAIN] - ERROR - Game.Logic.BallMgr - can't find bomb file:bomb\11480.bomb
19:04:32,640 - [MAIN] - ERROR - Game.Logic.BallMgr - can't find bomb file:bomb\13901.bomb
19:04:32,641 - [MAIN] - ERROR - Game.Logic.BallMgr - can't find bomb file:bomb\13902.bomb
19:04:32,641 - [MAIN] - ERROR - Game.Logic.BallMgr - can't find bomb file:bomb\13903.bomb
19:04:32,641 - [MAIN] - ERROR - Game.Logic.BallMgr - can't find bomb file:bomb\13904.bomb
19:04:32,641 - [MAIN] - ERROR - Game.Logic.BallMgr - can't find bomb file:bomb\139011.bomb
19:04:32,641 - [MAIN] - ERROR - Game.Logic.BallMgr - can't find bomb file:bomb\139012.bomb
19:04:32,642 - [MAIN] - ERROR - Game.Logic.BallMgr - can't find bomb file:bomb\139013.bomb
19:04:32,642 - [MAIN] - ERROR - Game.Logic.BallMgr - can't find bomb file:bomb\139021.bomb
19:04:32,642 - [MAIN] - ERROR - Game.Logic.BallMgr - can't find bomb file:bomb\139022.bomb
19:04:32,642 - [MAIN] - ERROR - Game.Logic.BallMgr - can't find bomb file:bomb\139023.bomb
19:04:32,643 - [MAIN] - ERROR - Game.Logic.BallMgr - can't find bomb file:bomb\139031.bomb
19:04:32,643 - [MAIN] - ERROR - Game.Logic.BallMgr - can't find bomb file:bomb\139032.bomb
19:04:32,643 - [MAIN] - ERROR - Game.Logic.BallMgr - can't find bomb file:bomb\139033.bomb
19:04:32,643 - [MAIN] - ERROR - Game.Logic.BallMgr - can't find bomb file:bomb\139041.bomb
19:04:32,644 - [MAIN] - ERROR - Game.Logic.BallMgr - can't find bomb file:bomb\139042.bomb
19:04:32,644 - [MAIN] - ERROR - Game.Logic.BallMgr - can't find bomb file:bomb\139043.bomb
19:04:32,644 - [MAIN] - ERROR - Game.Logic.BallMgr - can't find bomb file:bomb\11500.bomb
19:04:32,644 - [MAIN] - ERROR - Game.Logic.BallMgr - can't find bomb file:bomb\11486.bomb
19:04:32,644 - [MAIN] - ERROR - Game.Logic.BallMgr - can't find bomb file:bomb\11487.bomb
19:04:32,645 - [MAIN] - ERROR - Game.Logic.BallMgr - can't find bomb file:bomb\11489.bomb
19:04:32,645 - [MAIN] - ERROR - Game.Logic.BallMgr - can't find bomb file:bomb\11490.bomb
19:04:32,645 - [MAIN] - ERROR - Game.Logic.BallMgr - can't find bomb file:bomb\14401.bomb
19:04:32,645 - [MAIN] - ERROR - Game.Logic.BallMgr - can't find bomb file:bomb\14402.bomb
19:04:32,646 - [MAIN] - ERROR - Game.Logic.BallMgr - can't find bomb file:bomb\14403.bomb
19:04:32,646 - [MAIN] - ERROR - Game.Logic.BallMgr - can't find bomb file:bomb\14404.bomb
19:04:32,646 - [MAIN] - ERROR - Game.Logic.BallMgr - can't find bomb file:bomb\144011.bomb
19:04:32,646 - [MAIN] - ERROR - Game.Logic.BallMgr - can't find bomb file:bomb\144012.bomb
19:04:32,647 - [MAIN] - ERROR - Game.Logic.BallMgr - can't find bomb file:bomb\144013.bomb
19:04:32,648 - [MAIN] - ERROR - Game.Logic.BallMgr - can't find bomb file:bomb\144021.bomb
19:04:32,648 - [MAIN] - ERROR - Game.Logic.BallMgr - can't find bomb file:bomb\144022.bomb
19:04:32,648 - [MAIN] - ERROR - Game.Logic.BallMgr - can't find bomb file:bomb\144023.bomb
19:04:32,648 - [MAIN] - ERROR - Game.Logic.BallMgr - can't find bomb file:bomb\144031.bomb
19:04:32,649 - [MAIN] - ERROR - Game.Logic.BallMgr - can't find bomb file:bomb\144032.bomb
19:04:32,649 - [MAIN] - ERROR - Game.Logic.BallMgr - can't find bomb file:bomb\144033.bomb
19:04:32,649 - [MAIN] - ERROR - Game.Logic.BallMgr - can't find bomb file:bomb\144041.bomb
19:04:32,649 - [MAIN] - ERROR - Game.Logic.BallMgr - can't find bomb file:bomb\144042.bomb
19:04:32,649 - [MAIN] - ERROR - Game.Logic.BallMgr - can't find bomb file:bomb\144043.bomb
19:04:32,651 - [MAIN] - ERROR - Game.Logic.BallMgr - can't find bomb file:bomb\11468.bomb
19:04:32,652 - [MAIN] - ERROR - Game.Logic.BallMgr - can't find bomb file:bomb\11493.bomb
19:04:32,652 - [MAIN] - ERROR - Game.Logic.BallMgr - can't find bomb file:bomb\11494.bomb
19:04:32,652 - [MAIN] - ERROR - Game.Logic.BallMgr - can't find bomb file:bomb\11495.bomb
19:04:32,652 - [MAIN] - ERROR - Game.Logic.BallMgr - can't find bomb file:bomb\11496.bomb
19:04:32,653 - [MAIN] - ERROR - Game.Logic.BallMgr - can't find bomb file:bomb\11497.bomb
19:04:32,653 - [MAIN] - ERROR - Game.Logic.BallMgr - can't find bomb file:bomb\11498.bomb
19:04:32,653 - [MAIN] - ERROR - Game.Logic.BallMgr - can't find bomb file:bomb\11467.bomb
19:04:32,653 - [MAIN] - ERROR - Game.Logic.BallMgr - can't find bomb file:bomb\11474.bomb
19:04:32,654 - [MAIN] - ERROR - Game.Logic.BallMgr - can't find bomb file:bomb\11475.bomb
19:04:32,654 - [MAIN] - ERROR - Game.Logic.BallMgr - can't find bomb file:bomb\11476.bomb
19:04:32,654 - [MAIN] - ERROR - Game.Logic.BallMgr - can't find bomb file:bomb\11477.bomb
19:04:32,654 - [MAIN] - ERROR - Game.Logic.BallMgr - can't find bomb file:bomb\11504.bomb
19:04:32,655 - [MAIN] - ERROR - Game.Logic.BallMgr - can't find bomb file:bomb\11505.bomb
19:04:32,655 - [MAIN] - ERROR - Game.Logic.BallMgr - can't find bomb file:bomb\11506.bomb
19:04:32,655 - [MAIN] - ERROR - Game.Logic.BallMgr - can't find bomb file:bomb\11507.bomb
19:04:32,695 - [MAIN] - ERROR - Game.Logic.BallMgr - can't find bomb file:bomb\90001.bomb
19:04:32,717 - [MAIN] - ERROR - Game.Logic.BallMgr - can't find bomb file:bomb\900011.bomb
19:04:32,718 - [MAIN] - ERROR - Game.Logic.BallMgr - can't find bomb file:bomb\900012.bomb
19:04:32,718 - [MAIN] - ERROR - Game.Logic.BallMgr - can't find bomb file:bomb\900013.bomb
19:04:32,768 - [MAIN] - ERROR - Game.Logic.BallMgr - can't find bomb file:bomb\13105.bomb
19:04:32,768 - [MAIN] - ERROR - Game.Logic.BallMgr - can't find bomb file:bomb\131051.bomb
19:04:32,769 - [MAIN] - ERROR - Game.Logic.BallMgr - can't find bomb file:bomb\131052.bomb
19:04:32,769 - [MAIN] - ERROR - Game.Logic.BallMgr - can't find bomb file:bomb\131053.bomb
19:04:32,769 - [MAIN] - ERROR - Game.Logic.BallMgr - can't find bomb file:bomb\14101.bomb
19:04:32,769 - [MAIN] - ERROR - Game.Logic.BallMgr - can't find bomb file:bomb\141011.bomb
19:04:32,770 - [MAIN] - ERROR - Game.Logic.BallMgr - can't find bomb file:bomb\141012.bomb
19:04:32,770 - [MAIN] - ERROR - Game.Logic.BallMgr - can't find bomb file:bomb\141013.bomb
19:04:32,770 - [MAIN] - ERROR - Game.Logic.BallMgr - can't find bomb file:bomb\14201.bomb
19:04:32,770 - [MAIN] - ERROR - Game.Logic.BallMgr - can't find bomb file:bomb\142011.bomb
19:04:32,771 - [MAIN] - ERROR - Game.Logic.BallMgr - can't find bomb file:bomb\142012.bomb
19:04:32,771 - [MAIN] - ERROR - Game.Logic.BallMgr - can't find bomb file:bomb\142013.bomb
19:04:32,771 - [MAIN] - ERROR - Game.Logic.BallMgr - can't find bomb file:bomb\13801.bomb
19:04:32,771 - [MAIN] - ERROR - Game.Logic.BallMgr - can't find bomb file:bomb\138011.bomb
19:04:32,772 - [MAIN] - ERROR - Game.Logic.BallMgr - can't find bomb file:bomb\138012.bomb
19:04:32,772 - [MAIN] - ERROR - Game.Logic.BallMgr - can't find bomb file:bomb\138013.bomb
19:04:32,772 - [MAIN] - ERROR - Game.Logic.BallMgr - can't find bomb file:bomb\13501.bomb
19:04:32,772 - [MAIN] - ERROR - Game.Logic.BallMgr - can't find bomb file:bomb\13601.bomb
19:04:32,773 - [MAIN] - ERROR - Game.Logic.BallMgr - can't find bomb file:bomb\13701.bomb
19:04:32,773 - [MAIN] - ERROR - Game.Logic.BallMgr - can't find bomb file:bomb\135011.bomb
19:04:32,773 - [MAIN] - ERROR - Game.Logic.BallMgr - can't find bomb file:bomb\135012.bomb
19:04:32,773 - [MAIN] - ERROR - Game.Logic.BallMgr - can't find bomb file:bomb\135013.bomb
19:04:32,774 - [MAIN] - ERROR - Game.Logic.BallMgr - can't find bomb file:bomb\136011.bomb
19:04:32,774 - [MAIN] - ERROR - Game.Logic.BallMgr - can't find bomb file:bomb\136012.bomb
19:04:32,774 - [MAIN] - ERROR - Game.Logic.BallMgr - can't find bomb file:bomb\136013.bomb
19:04:32,774 - [MAIN] - ERROR - Game.Logic.BallMgr - can't find bomb file:bomb\137011.bomb
19:04:32,775 - [MAIN] - ERROR - Game.Logic.BallMgr - can't find bomb file:bomb\137012.bomb
19:04:32,775 - [MAIN] - ERROR - Game.Logic.BallMgr - can't find bomb file:bomb\137013.bomb
19:04:32,775 - [MAIN] - ERROR - Game.Logic.BallMgr - can't find bomb file:bomb\14601.bomb
19:04:32,775 - [MAIN] - ERROR - Game.Logic.BallMgr - can't find bomb file:bomb\14602.bomb
19:04:32,776 - [MAIN] - ERROR - Game.Logic.BallMgr - can't find bomb file:bomb\14603.bomb
19:04:32,776 - [MAIN] - ERROR - Game.Logic.BallMgr - can't find bomb file:bomb\146011.bomb
19:04:32,776 - [MAIN] - ERROR - Game.Logic.BallMgr - can't find bomb file:bomb\146012.bomb
19:04:32,776 - [MAIN] - ERROR - Game.Logic.BallMgr - can't find bomb file:bomb\146013.bomb
19:04:32,778 - [MAIN] - ERROR - Game.Logic.BallMgr - can't find bomb file:bomb\146021.bomb
19:04:32,778 - [MAIN] - ERROR - Game.Logic.BallMgr - can't find bomb file:bomb\146022.bomb
19:04:32,778 - [MAIN] - ERROR - Game.Logic.BallMgr - can't find bomb file:bomb\146023.bomb
19:04:32,778 - [MAIN] - ERROR - Game.Logic.BallMgr - can't find bomb file:bomb\146031.bomb
19:04:32,778 - [MAIN] - ERROR - Game.Logic.BallMgr - can't find bomb file:bomb\146032.bomb
19:04:32,779 - [MAIN] - ERROR - Game.Logic.BallMgr - can't find bomb file:bomb\146033.bomb
19:04:32,779 - [MAIN] - ERROR - Game.Logic.BallMgr - can't find bomb file:bomb\11481.bomb
19:04:32,779 - [MAIN] - ERROR - Game.Logic.BallMgr - can't find bomb file:bomb\11482.bomb
19:04:32,779 - [MAIN] - ERROR - Game.Logic.BallMgr - can't find bomb file:bomb\11483.bomb
19:04:32,780 - [MAIN] - ERROR - Game.Logic.BallMgr - can't find bomb file:bomb\11484.bomb
19:04:32,780 - [MAIN] - ERROR - Game.Logic.BallMgr - can't find bomb file:bomb\11485.bomb
19:04:32,780 - [MAIN] - ERROR - Game.Logic.BallMgr - can't find bomb file:bomb\11492.bomb
19:04:32,780 - [MAIN] - ERROR - Game.Logic.BallMgr - can't find bomb file:bomb\11499.bomb
19:04:32,781 - [MAIN] - ERROR - Game.Logic.BallMgr - can't find bomb file:bomb\11508.bomb
19:04:32,781 - [MAIN] - ERROR - Game.Logic.BallMgr - can't find bomb file:bomb\11509.bomb
19:04:32,781 - [MAIN] - ERROR - Game.Logic.BallMgr - can't find bomb file:bomb\11510.bomb
19:04:32,781 - [MAIN] - ERROR - Game.Logic.BallMgr - can't find bomb file:bomb\11511.bomb
19:04:32,782 - [MAIN] - ERROR - Game.Logic.BallMgr - can't find bomb file:bomb\11512.bomb
19:04:32,782 - [MAIN] - ERROR - Game.Logic.BallMgr - can't find bomb file:bomb\11513.bomb
19:04:32,782 - [MAIN] - ERROR - Game.Logic.BallMgr - can't find bomb file:bomb\13204.bomb
19:04:32,782 - [MAIN] - ERROR - Game.Logic.BallMgr - can't find bomb file:bomb\14301.bomb
19:04:32,782 - [MAIN] - ERROR - Game.Logic.BallMgr - can't find bomb file:bomb\14302.bomb
19:04:32,783 - [MAIN] - ERROR - Game.Logic.BallMgr - can't find bomb file:bomb\14303.bomb
19:04:32,783 - [MAIN] - ERROR - Game.Logic.BallMgr - can't find bomb file:bomb\14304.bomb
19:04:32,783 - [MAIN] - ERROR - Game.Logic.BallMgr - can't find bomb file:bomb\14501.bomb
19:04:32,783 - [MAIN] - ERROR - Game.Logic.BallMgr - can't find bomb file:bomb\14502.bomb
19:04:32,784 - [MAIN] - ERROR - Game.Logic.BallMgr - can't find bomb file:bomb\14503.bomb
19:04:32,784 - [MAIN] - ERROR - Game.Logic.BallMgr - can't find bomb file:bomb\14504.bomb
19:04:32,784 - [MAIN] - ERROR - Game.Logic.BallMgr - can't find bomb file:bomb\132041.bomb
19:04:32,784 - [MAIN] - ERROR - Game.Logic.BallMgr - can't find bomb file:bomb\132042.bomb
19:04:32,785 - [MAIN] - ERROR - Game.Logic.BallMgr - can't find bomb file:bomb\143011.bomb
19:04:32,785 - [MAIN] - ERROR - Game.Logic.BallMgr - can't find bomb file:bomb\143012.bomb
19:04:32,785 - [MAIN] - ERROR - Game.Logic.BallMgr - can't find bomb file:bomb\143013.bomb
19:04:32,785 - [MAIN] - ERROR - Game.Logic.BallMgr - can't find bomb file:bomb\143021.bomb
19:04:32,786 - [MAIN] - ERROR - Game.Logic.BallMgr - can't find bomb file:bomb\143022.bomb
19:04:32,787 - [MAIN] - ERROR - Game.Logic.BallMgr - can't find bomb file:bomb\143023.bomb
19:04:32,787 - [MAIN] - ERROR - Game.Logic.BallMgr - can't find bomb file:bomb\143031.bomb
19:04:32,787 - [MAIN] - ERROR - Game.Logic.BallMgr - can't find bomb file:bomb\143032.bomb
19:04:32,787 - [MAIN] - ERROR - Game.Logic.BallMgr - can't find bomb file:bomb\143033.bomb
19:04:32,788 - [MAIN] - ERROR - Game.Logic.BallMgr - can't find bomb file:bomb\143041.bomb
19:04:32,788 - [MAIN] - ERROR - Game.Logic.BallMgr - can't find bomb file:bomb\143042.bomb
19:04:32,788 - [MAIN] - ERROR - Game.Logic.BallMgr - can't find bomb file:bomb\143043.bomb
19:04:32,788 - [MAIN] - ERROR - Game.Logic.BallMgr - can't find bomb file:bomb\145011.bomb
19:04:32,788 - [MAIN] - ERROR - Game.Logic.BallMgr - can't find bomb file:bomb\145012.bomb
19:04:32,789 - [MAIN] - ERROR - Game.Logic.BallMgr - can't find bomb file:bomb\145013.bomb
19:04:32,789 - [MAIN] - ERROR - Game.Logic.BallMgr - can't find bomb file:bomb\145021.bomb
19:04:32,789 - [MAIN] - ERROR - Game.Logic.BallMgr - can't find bomb file:bomb\145022.bomb
19:04:32,789 - [MAIN] - ERROR - Game.Logic.BallMgr - can't find bomb file:bomb\145023.bomb
19:04:32,790 - [MAIN] - ERROR - Game.Logic.BallMgr - can't find bomb file:bomb\145031.bomb
19:04:32,790 - [MAIN] - ERROR - Game.Logic.BallMgr - can't find bomb file:bomb\145032.bomb
19:04:32,790 - [MAIN] - ERROR - Game.Logic.BallMgr - can't find bomb file:bomb\145033.bomb
19:04:32,790 - [MAIN] - ERROR - Game.Logic.BallMgr - can't find bomb file:bomb\145041.bomb
19:04:32,790 - [MAIN] - ERROR - Game.Logic.BallMgr - can't find bomb file:bomb\145042.bomb
19:04:32,791 - [MAIN] - ERROR - Game.Logic.BallMgr - can't find bomb file:bomb\145043.bomb
19:04:32,791 - [MAIN] - ERROR - Game.Logic.BallMgr - can't find bomb file:bomb\233350.bomb
19:04:32,791 - [MAIN] - ERROR - Game.Logic.BallMgr - can't find bomb file:bomb\465.bomb
19:04:32,791 - [MAIN] - ERROR - Game.Logic.BallMgr - can't find bomb file:bomb\475.bomb
19:04:32,796 - [MAIN] - ERROR - Game.Logic.BallMgr - can't find bomb file:bomb\4651.bomb
19:04:32,796 - [MAIN] - ERROR - Game.Logic.BallMgr - can't find bomb file:bomb\4652.bomb
19:04:32,824 - [MAIN] - ERROR - Game.Logic.BallMgr - can't find bomb file:bomb\80001.bomb
19:04:32,825 - [MAIN] - ERROR - Game.Logic.BallMgr - can't find bomb file:bomb\113421.bomb
19:04:32,827 - [MAIN] - ERROR - Game.Logic.BallMgr - can't find bomb file:bomb\800011.bomb
19:04:32,828 - [MAIN] - ERROR - Game.Logic.BallMgr - can't find bomb file:bomb\800012.bomb
19:04:32,828 - [MAIN] - ERROR - Game.Logic.BallMgr - can't find bomb file:bomb\800013.bomb
19:04:32,828 - [MAIN] - ERROR - Game.Logic.BallMgr - can't find bomb file:bomb\900021.bomb
19:04:32,828 - [MAIN] - ERROR - Game.Logic.BallMgr - can't find bomb file:bomb\900022.bomb
19:04:32,829 - [MAIN] - ERROR - Game.Logic.BallMgr - can't find bomb file:bomb\900023.bomb
19:04:32,829 - [MAIN] - ERROR - Game.Logic.BallMgr - can't find bomb file:bomb\1134211.bomb
19:04:32,869 - [MAIN] - ERROR - Game.Logic.BallMgr - can't find bomb file:bomb\1300009062.bomb
19:04:32,869 - [MAIN] - ERROR - Game.Logic.BallMgr - can't find bomb file:bomb\1300009063.bomb
19:04:32,869 - [MAIN] - ERROR - Game.Logic.BallMgr - can't find bomb file:bomb\1300009064.bomb
19:04:32,869 - [MAIN] - ERROR - Game.Logic.BallMgr - can't find bomb file:bomb\1300009065.bomb
19:04:32,870 - [MAIN] - ERROR - Game.Logic.BallMgr - can't find bomb file:bomb\1300009420.bomb
19:04:32,870 - [MAIN] - ERROR - Game.Logic.BallMgr - can't find bomb file:bomb\1300009421.bomb
19:04:32,870 - [MAIN] - ERROR - Game.Logic.BallMgr - can't find bomb file:bomb\1300014394.bomb
19:04:32,870 - [MAIN] - ERROR - Game.Logic.BallMgr - can't find bomb file:bomb\1300014395.bomb
19:04:32,871 - [MAIN] - ERROR - Game.Logic.BallMgr - can't find bomb file:bomb\1300017640.bomb
19:04:32,871 - [MAIN] - ERROR - Game.Logic.BallMgr - can't find bomb file:bomb\1300017641.bomb
19:04:32,871 - [MAIN] - ERROR - Game.Logic.BallMgr - can't find bomb file:bomb\1400000001.bomb
19:04:32,871 - [MAIN] - ERROR - Game.